2018-11-07 21:13:26 Error: [Cake\Database\Exception\MissingExtensionException] Database driver Cake\Database\Driver\Mysql cannot be used due to a missing PHP extension or unmet dependency in /var/www/html/globalsaude/vendor/cakephp/cakephp/src/Database/Connection.php on line 179
Exception Attributes: array (
  'driver' => 'Cake\\Database\\Driver\\Mysql',
)
Stack Trace:
#0 /var/www/html/globalsaude/vendor/cakephp/cakephp/src/Database/Connection.php(120): Cake\Database\Connection->setDriver(Object(Cake\Database\Driver\Mysql), Array)
#1 /var/www/html/globalsaude/vendor/cakephp/cakephp/src/Datasource/ConnectionRegistry.php(89): Cake\Database\Connection->__construct(Array)
#2 /var/www/html/globalsaude/vendor/cakephp/cakephp/src/Core/ObjectRegistry.php(97): Cake\Datasource\ConnectionRegistry->_create('Cake\\Database\\C...', 'default', Array)
#3 /var/www/html/globalsaude/vendor/cakephp/cakephp/src/Datasource/ConnectionManager.php(205): Cake\Core\ObjectRegistry->load('Cake\\Database\\C...', Array)
#4 /var/www/html/globalsaude/vendor/cakephp/bake/src/Shell/Task/ModelTask.php(1043): Cake\Datasource\ConnectionManager::get('default')
#5 /var/www/html/globalsaude/vendor/cakephp/bake/src/Shell/Task/ModelTask.php(1003): Bake\Shell\Task\ModelTask->_getAllTables()
#6 /var/www/html/globalsaude/vendor/cakephp/bake/src/Shell/Task/ModelTask.php(1018): Bake\Shell\Task\ModelTask->listAll()
#7 /var/www/html/globalsaude/vendor/cakephp/bake/src/Shell/Task/ModelTask.php(94): Bake\Shell\Task\ModelTask->listUnskipped()
#8 /var/www/html/globalsaude/vendor/cakephp/cakephp/src/Console/Shell.php(532): Bake\Shell\Task\ModelTask->main()
#9 /var/www/html/globalsaude/vendor/cakephp/cakephp/src/Console/Shell.php(525): Cake\Console\Shell->runCommand(Array, false, Array)
#10 /var/www/html/globalsaude/vendor/cakephp/cakephp/src/Console/CommandRunner.php(342): Cake\Console\Shell->runCommand(Array, true)
#11 /var/www/html/globalsaude/vendor/cakephp/cakephp/src/Console/CommandRunner.php(164): Cake\Console\CommandRunner->runShell(Object(Bake\Shell\BakeShell), Array)
#12 /var/www/html/globalsaude/bin/cake.php(12): Cake\Console\CommandRunner->run(Array)
#13 {main}


2018-11-07 21:14:18 Error: [Cake\Database\Exception\MissingExtensionException] Database driver Cake\Database\Driver\Mysql cannot be used due to a missing PHP extension or unmet dependency in /var/www/html/globalsaude/vendor/cakephp/cakephp/src/Database/Connection.php on line 179
Exception Attributes: array (
  'driver' => 'Cake\\Database\\Driver\\Mysql',
)
Stack Trace:
#0 /var/www/html/globalsaude/vendor/cakephp/cakephp/src/Database/Connection.php(120): Cake\Database\Connection->setDriver(Object(Cake\Database\Driver\Mysql), Array)
#1 /var/www/html/globalsaude/vendor/cakephp/cakephp/src/Datasource/ConnectionRegistry.php(89): Cake\Database\Connection->__construct(Array)
#2 /var/www/html/globalsaude/vendor/cakephp/cakephp/src/Core/ObjectRegistry.php(97): Cake\Datasource\ConnectionRegistry->_create('Cake\\Database\\C...', 'default', Array)
#3 /var/www/html/globalsaude/vendor/cakephp/cakephp/src/Datasource/ConnectionManager.php(205): Cake\Core\ObjectRegistry->load('Cake\\Database\\C...', Array)
#4 /var/www/html/globalsaude/vendor/cakephp/bake/src/Shell/Task/ModelTask.php(1043): Cake\Datasource\ConnectionManager::get('default')
#5 /var/www/html/globalsaude/vendor/cakephp/bake/src/Shell/Task/ModelTask.php(1003): Bake\Shell\Task\ModelTask->_getAllTables()
#6 /var/www/html/globalsaude/vendor/cakephp/bake/src/Shell/Task/ModelTask.php(1018): Bake\Shell\Task\ModelTask->listAll()
#7 /var/www/html/globalsaude/vendor/cakephp/bake/src/Shell/Task/ControllerTask.php(258): Bake\Shell\Task\ModelTask->listUnskipped()
#8 /var/www/html/globalsaude/vendor/cakephp/bake/src/Shell/Task/ControllerTask.php(61): Bake\Shell\Task\ControllerTask->listAll()
#9 /var/www/html/globalsaude/vendor/cakephp/cakephp/src/Console/Shell.php(532): Bake\Shell\Task\ControllerTask->main()
#10 /var/www/html/globalsaude/vendor/cakephp/cakephp/src/Console/Shell.php(525): Cake\Console\Shell->runCommand(Array, false, Array)
#11 /var/www/html/globalsaude/vendor/cakephp/cakephp/src/Console/CommandRunner.php(342): Cake\Console\Shell->runCommand(Array, true)
#12 /var/www/html/globalsaude/vendor/cakephp/cakephp/src/Console/CommandRunner.php(164): Cake\Console\CommandRunner->runShell(Object(Bake\Shell\BakeShell), Array)
#13 /var/www/html/globalsaude/bin/cake.php(12): Cake\Console\CommandRunner->run(Array)
#14 {main}


2018-11-07 21:23:45 Error: [Cake\Database\Exception\MissingExtensionException] Database driver Cake\Database\Driver\Mysql cannot be used due to a missing PHP extension or unmet dependency in /var/www/html/globalsaude/vendor/cakephp/cakephp/src/Database/Connection.php on line 179
Exception Attributes: array (
  'driver' => 'Cake\\Database\\Driver\\Mysql',
)
Stack Trace:
#0 /var/www/html/globalsaude/vendor/cakephp/cakephp/src/Database/Connection.php(120): Cake\Database\Connection->setDriver(Object(Cake\Database\Driver\Mysql), Array)
#1 /var/www/html/globalsaude/vendor/cakephp/cakephp/src/Datasource/ConnectionRegistry.php(89): Cake\Database\Connection->__construct(Array)
#2 /var/www/html/globalsaude/vendor/cakephp/cakephp/src/Core/ObjectRegistry.php(97): Cake\Datasource\ConnectionRegistry->_create('Cake\\Database\\C...', 'default', Array)
#3 /var/www/html/globalsaude/vendor/cakephp/cakephp/src/Datasource/ConnectionManager.php(205): Cake\Core\ObjectRegistry->load('Cake\\Database\\C...', Array)
#4 /var/www/html/globalsaude/vendor/cakephp/bake/src/Shell/Task/ModelTask.php(1043): Cake\Datasource\ConnectionManager::get('default')
#5 /var/www/html/globalsaude/vendor/cakephp/bake/src/Shell/Task/ModelTask.php(1003): Bake\Shell\Task\ModelTask->_getAllTables()
#6 /var/www/html/globalsaude/vendor/cakephp/bake/src/Shell/Task/ModelTask.php(1018): Bake\Shell\Task\ModelTask->listAll()
#7 /var/www/html/globalsaude/vendor/cakephp/bake/src/Shell/Task/ModelTask.php(94): Bake\Shell\Task\ModelTask->listUnskipped()
#8 /var/www/html/globalsaude/vendor/cakephp/cakephp/src/Console/Shell.php(532): Bake\Shell\Task\ModelTask->main()
#9 /var/www/html/globalsaude/vendor/cakephp/cakephp/src/Console/Shell.php(525): Cake\Console\Shell->runCommand(Array, false, Array)
#10 /var/www/html/globalsaude/vendor/cakephp/cakephp/src/Console/CommandRunner.php(342): Cake\Console\Shell->runCommand(Array, true)
#11 /var/www/html/globalsaude/vendor/cakephp/cakephp/src/Console/CommandRunner.php(164): Cake\Console\CommandRunner->runShell(Object(Bake\Shell\BakeShell), Array)
#12 /var/www/html/globalsaude/bin/cake.php(12): Cake\Console\CommandRunner->run(Array)
#13 {main}


2018-11-07 21:27:23 Error: [Cake\Database\Exception] SQLSTATE[42S02]: Base table or view not found: 1146 Table 'gtedcomb_bdsaude.s_c_o_t_a_c_o_e_s' doesn't exist in /var/www/html/globalsaude/vendor/cakephp/cakephp/src/Database/Schema/Collection.php on line 131
Stack Trace:
#0 /var/www/html/globalsaude/vendor/cakephp/cakephp/src/Database/Schema/Collection.php(97): Cake\Database\Schema\Collection->_reflect('Column', 's_c_o_t_a_c_o_e...', Array, Object(Cake\Database\Schema\TableSchema))
#1 /var/www/html/globalsaude/vendor/cakephp/cakephp/src/Database/Schema/CachedCollection.php(63): Cake\Database\Schema\Collection->describe('s_c_o_t_a_c_o_e...', Array)
#2 /var/www/html/globalsaude/vendor/cakephp/cakephp/src/ORM/Table.php(548): Cake\Database\Schema\CachedCollection->describe('s_c_o_t_a_c_o_e...')
#3 /var/www/html/globalsaude/vendor/cakephp/cakephp/src/ORM/Table.php(673): Cake\ORM\Table->getSchema()
#4 /var/www/html/globalsaude/vendor/cakephp/bake/src/Shell/Task/ModelTask.php(221): Cake\ORM\Table->getPrimaryKey()
#5 /var/www/html/globalsaude/vendor/cakephp/bake/src/Shell/Task/ModelTask.php(131): Bake\Shell\Task\ModelTask->getAssociations(Object(Cake\ORM\Table))
#6 /var/www/html/globalsaude/vendor/cakephp/bake/src/Shell/Task/ModelTask.php(114): Bake\Shell\Task\ModelTask->getTableContext(Object(Cake\ORM\Table), 's_c_o_t_a_c_o_e...', 'SCOTACOES')
#7 /var/www/html/globalsaude/vendor/cakephp/bake/src/Shell/Task/ModelTask.php(101): Bake\Shell\Task\ModelTask->bake('SCOTACOES')
#8 /var/www/html/globalsaude/vendor/cakephp/cakephp/src/Console/Shell.php(532): Bake\Shell\Task\ModelTask->main('SCOTACOES')
#9 /var/www/html/globalsaude/vendor/cakephp/cakephp/src/Console/Shell.php(525): Cake\Console\Shell->runCommand(Array, false, Array)
#10 /var/www/html/globalsaude/vendor/cakephp/cakephp/src/Console/CommandRunner.php(342): Cake\Console\Shell->runCommand(Array, true)
#11 /var/www/html/globalsaude/vendor/cakephp/cakephp/src/Console/CommandRunner.php(164): Cake\Console\CommandRunner->runShell(Object(Bake\Shell\BakeShell), Array)
#12 /var/www/html/globalsaude/bin/cake.php(12): Cake\Console\CommandRunner->run(Array)
#13 {main}


2018-11-07 21:30:54 Error: [Cake\Database\Exception] SQLSTATE[42S02]: Base table or view not found: 1146 Table 'gtedcomb_bdsaude.s_c_o_t_a_c_o_e_s' doesn't exist in /var/www/html/globalsaude/vendor/cakephp/cakephp/src/Database/Schema/Collection.php on line 131
Stack Trace:
#0 /var/www/html/globalsaude/vendor/cakephp/cakephp/src/Database/Schema/Collection.php(97): Cake\Database\Schema\Collection->_reflect('Column', 's_c_o_t_a_c_o_e...', Array, Object(Cake\Database\Schema\TableSchema))
#1 /var/www/html/globalsaude/vendor/cakephp/cakephp/src/Database/Schema/CachedCollection.php(63): Cake\Database\Schema\Collection->describe('s_c_o_t_a_c_o_e...', Array)
#2 /var/www/html/globalsaude/vendor/cakephp/cakephp/src/ORM/Table.php(548): Cake\Database\Schema\CachedCollection->describe('s_c_o_t_a_c_o_e...')
#3 /var/www/html/globalsaude/vendor/cakephp/cakephp/src/ORM/Table.php(673): Cake\ORM\Table->getSchema()
#4 /var/www/html/globalsaude/vendor/cakephp/bake/src/Shell/Task/ModelTask.php(221): Cake\ORM\Table->getPrimaryKey()
#5 /var/www/html/globalsaude/vendor/cakephp/bake/src/Shell/Task/ModelTask.php(131): Bake\Shell\Task\ModelTask->getAssociations(Object(Cake\ORM\Table))
#6 /var/www/html/globalsaude/vendor/cakephp/bake/src/Shell/Task/ModelTask.php(114): Bake\Shell\Task\ModelTask->getTableContext(Object(Cake\ORM\Table), 's_c_o_t_a_c_o_e...', 'SCOTACOES')
#7 /var/www/html/globalsaude/vendor/cakephp/bake/src/Shell/Task/ModelTask.php(101): Bake\Shell\Task\ModelTask->bake('SCOTACOES')
#8 /var/www/html/globalsaude/vendor/cakephp/cakephp/src/Console/Shell.php(532): Bake\Shell\Task\ModelTask->main('SCOTACOES')
#9 /var/www/html/globalsaude/vendor/cakephp/cakephp/src/Console/Shell.php(525): Cake\Console\Shell->runCommand(Array, false, Array)
#10 /var/www/html/globalsaude/vendor/cakephp/cakephp/src/Console/CommandRunner.php(342): Cake\Console\Shell->runCommand(Array, true)
#11 /var/www/html/globalsaude/vendor/cakephp/cakephp/src/Console/CommandRunner.php(164): Cake\Console\CommandRunner->runShell(Object(Bake\Shell\BakeShell), Array)
#12 /var/www/html/globalsaude/bin/cake.php(12): Cake\Console\CommandRunner->run(Array)
#13 {main}


2018-11-07 21:31:39 Error: [Cake\Database\Exception] SQLSTATE[42S02]: Base table or view not found: 1146 Table 'gtedcomb_bdsaude.s_c_o_t_a_c_o_e_s' doesn't exist in /var/www/html/globalsaude/vendor/cakephp/cakephp/src/Database/Schema/Collection.php on line 131
Stack Trace:
#0 /var/www/html/globalsaude/vendor/cakephp/cakephp/src/Database/Schema/Collection.php(97): Cake\Database\Schema\Collection->_reflect('Column', 's_c_o_t_a_c_o_e...', Array, Object(Cake\Database\Schema\TableSchema))
#1 /var/www/html/globalsaude/vendor/cakephp/cakephp/src/Database/Schema/CachedCollection.php(63): Cake\Database\Schema\Collection->describe('s_c_o_t_a_c_o_e...', Array)
#2 /var/www/html/globalsaude/vendor/cakephp/cakephp/src/ORM/Table.php(548): Cake\Database\Schema\CachedCollection->describe('s_c_o_t_a_c_o_e...')
#3 /var/www/html/globalsaude/vendor/cakephp/cakephp/src/ORM/Table.php(673): Cake\ORM\Table->getSchema()
#4 /var/www/html/globalsaude/vendor/cakephp/bake/src/Shell/Task/ModelTask.php(221): Cake\ORM\Table->getPrimaryKey()
#5 /var/www/html/globalsaude/vendor/cakephp/bake/src/Shell/Task/ModelTask.php(131): Bake\Shell\Task\ModelTask->getAssociations(Object(Cake\ORM\Table))
#6 /var/www/html/globalsaude/vendor/cakephp/bake/src/Shell/Task/ModelTask.php(114): Bake\Shell\Task\ModelTask->getTableContext(Object(Cake\ORM\Table), 's_c_o_t_a_c_o_e...', 'SCOTACOES')
#7 /var/www/html/globalsaude/vendor/cakephp/bake/src/Shell/Task/ModelTask.php(101): Bake\Shell\Task\ModelTask->bake('SCOTACOES')
#8 /var/www/html/globalsaude/vendor/cakephp/cakephp/src/Console/Shell.php(532): Bake\Shell\Task\ModelTask->main('SCOTACOES')
#9 /var/www/html/globalsaude/vendor/cakephp/cakephp/src/Console/Shell.php(525): Cake\Console\Shell->runCommand(Array, false, Array)
#10 /var/www/html/globalsaude/vendor/cakephp/cakephp/src/Console/CommandRunner.php(342): Cake\Console\Shell->runCommand(Array, true)
#11 /var/www/html/globalsaude/vendor/cakephp/cakephp/src/Console/CommandRunner.php(164): Cake\Console\CommandRunner->runShell(Object(Bake\Shell\BakeShell), Array)
#12 /var/www/html/globalsaude/bin/cake.php(12): Cake\Console\CommandRunner->run(Array)
#13 {main}


2018-11-07 21:32:36 Error: [Cake\Database\Exception] SQLSTATE[42S02]: Base table or view not found: 1146 Table 'gtedcomb_bdsaude.s_c_o_t_a_c_o_e_s' doesn't exist in /var/www/html/globalsaude/vendor/cakephp/cakephp/src/Database/Schema/Collection.php on line 131
Stack Trace:
#0 /var/www/html/globalsaude/vendor/cakephp/cakephp/src/Database/Schema/Collection.php(97): Cake\Database\Schema\Collection->_reflect('Column', 's_c_o_t_a_c_o_e...', Array, Object(Cake\Database\Schema\TableSchema))
#1 /var/www/html/globalsaude/vendor/cakephp/cakephp/src/Database/Schema/CachedCollection.php(63): Cake\Database\Schema\Collection->describe('s_c_o_t_a_c_o_e...', Array)
#2 /var/www/html/globalsaude/vendor/cakephp/cakephp/src/ORM/Table.php(548): Cake\Database\Schema\CachedCollection->describe('s_c_o_t_a_c_o_e...')
#3 /var/www/html/globalsaude/vendor/cakephp/cakephp/src/ORM/Table.php(673): Cake\ORM\Table->getSchema()
#4 /var/www/html/globalsaude/vendor/cakephp/bake/src/Shell/Task/ModelTask.php(221): Cake\ORM\Table->getPrimaryKey()
#5 /var/www/html/globalsaude/vendor/cakephp/bake/src/Shell/Task/ModelTask.php(131): Bake\Shell\Task\ModelTask->getAssociations(Object(Cake\ORM\Table))
#6 /var/www/html/globalsaude/vendor/cakephp/bake/src/Shell/Task/ModelTask.php(114): Bake\Shell\Task\ModelTask->getTableContext(Object(Cake\ORM\Table), 's_c_o_t_a_c_o_e...', 'SCOTACOES')
#7 /var/www/html/globalsaude/vendor/cakephp/bake/src/Shell/Task/ModelTask.php(101): Bake\Shell\Task\ModelTask->bake('SCOTACOES')
#8 /var/www/html/globalsaude/vendor/cakephp/cakephp/src/Console/Shell.php(532): Bake\Shell\Task\ModelTask->main('SCOTACOES')
#9 /var/www/html/globalsaude/vendor/cakephp/cakephp/src/Console/Shell.php(525): Cake\Console\Shell->runCommand(Array, false, Array)
#10 /var/www/html/globalsaude/vendor/cakephp/cakephp/src/Console/CommandRunner.php(342): Cake\Console\Shell->runCommand(Array, true)
#11 /var/www/html/globalsaude/vendor/cakephp/cakephp/src/Console/CommandRunner.php(164): Cake\Console\CommandRunner->runShell(Object(Bake\Shell\BakeShell), Array)
#12 /var/www/html/globalsaude/bin/cake.php(12): Cake\Console\CommandRunner->run(Array)
#13 {main}


2018-11-07 21:32:54 Error: [Cake\Database\Exception] SQLSTATE[42S02]: Base table or view not found: 1146 Table 'gtedcomb_bdsaude.s_c_o_t_a_c_o_e_s' doesn't exist in /var/www/html/globalsaude/vendor/cakephp/cakephp/src/Database/Schema/Collection.php on line 131
Stack Trace:
#0 /var/www/html/globalsaude/vendor/cakephp/cakephp/src/Database/Schema/Collection.php(97): Cake\Database\Schema\Collection->_reflect('Column', 's_c_o_t_a_c_o_e...', Array, Object(Cake\Database\Schema\TableSchema))
#1 /var/www/html/globalsaude/vendor/cakephp/cakephp/src/Database/Schema/CachedCollection.php(63): Cake\Database\Schema\Collection->describe('s_c_o_t_a_c_o_e...', Array)
#2 /var/www/html/globalsaude/vendor/cakephp/cakephp/src/ORM/Table.php(548): Cake\Database\Schema\CachedCollection->describe('s_c_o_t_a_c_o_e...')
#3 /var/www/html/globalsaude/vendor/cakephp/cakephp/src/ORM/Table.php(673): Cake\ORM\Table->getSchema()
#4 /var/www/html/globalsaude/vendor/cakephp/bake/src/Shell/Task/ModelTask.php(221): Cake\ORM\Table->getPrimaryKey()
#5 /var/www/html/globalsaude/vendor/cakephp/bake/src/Shell/Task/ModelTask.php(131): Bake\Shell\Task\ModelTask->getAssociations(Object(Cake\ORM\Table))
#6 /var/www/html/globalsaude/vendor/cakephp/bake/src/Shell/Task/ModelTask.php(114): Bake\Shell\Task\ModelTask->getTableContext(Object(Cake\ORM\Table), 's_c_o_t_a_c_o_e...', 'SCOTACOES')
#7 /var/www/html/globalsaude/vendor/cakephp/bake/src/Shell/Task/ModelTask.php(101): Bake\Shell\Task\ModelTask->bake('SCOTACOES')
#8 /var/www/html/globalsaude/vendor/cakephp/cakephp/src/Console/Shell.php(532): Bake\Shell\Task\ModelTask->main('S_COTACOES')
#9 /var/www/html/globalsaude/vendor/cakephp/cakephp/src/Console/Shell.php(525): Cake\Console\Shell->runCommand(Array, false, Array)
#10 /var/www/html/globalsaude/vendor/cakephp/cakephp/src/Console/CommandRunner.php(342): Cake\Console\Shell->runCommand(Array, true)
#11 /var/www/html/globalsaude/vendor/cakephp/cakephp/src/Console/CommandRunner.php(164): Cake\Console\CommandRunner->runShell(Object(Bake\Shell\BakeShell), Array)
#12 /var/www/html/globalsaude/bin/cake.php(12): Cake\Console\CommandRunner->run(Array)
#13 {main}


2018-11-07 21:33:04 Error: [Cake\Database\Exception] SQLSTATE[42S02]: Base table or view not found: 1146 Table 'gtedcomb_bdsaude.s_c_o_t_a_c_o_e_s' doesn't exist in /var/www/html/globalsaude/vendor/cakephp/cakephp/src/Database/Schema/Collection.php on line 131
Stack Trace:
#0 /var/www/html/globalsaude/vendor/cakephp/cakephp/src/Database/Schema/Collection.php(97): Cake\Database\Schema\Collection->_reflect('Column', 's_c_o_t_a_c_o_e...', Array, Object(Cake\Database\Schema\TableSchema))
#1 /var/www/html/globalsaude/vendor/cakephp/cakephp/src/Database/Schema/CachedCollection.php(63): Cake\Database\Schema\Collection->describe('s_c_o_t_a_c_o_e...', Array)
#2 /var/www/html/globalsaude/vendor/cakephp/cakephp/src/ORM/Table.php(548): Cake\Database\Schema\CachedCollection->describe('s_c_o_t_a_c_o_e...')
#3 /var/www/html/globalsaude/vendor/cakephp/cakephp/src/ORM/Table.php(673): Cake\ORM\Table->getSchema()
#4 /var/www/html/globalsaude/vendor/cakephp/bake/src/Shell/Task/ModelTask.php(221): Cake\ORM\Table->getPrimaryKey()
#5 /var/www/html/globalsaude/vendor/cakephp/bake/src/Shell/Task/ModelTask.php(131): Bake\Shell\Task\ModelTask->getAssociations(Object(Cake\ORM\Table))
#6 /var/www/html/globalsaude/vendor/cakephp/bake/src/Shell/Task/ModelTask.php(114): Bake\Shell\Task\ModelTask->getTableContext(Object(Cake\ORM\Table), 's_c_o_t_a_c_o_e...', 'SCOTACOES')
#7 /var/www/html/globalsaude/vendor/cakephp/bake/src/Shell/Task/ModelTask.php(101): Bake\Shell\Task\ModelTask->bake('SCOTACOES')
#8 /var/www/html/globalsaude/vendor/cakephp/cakephp/src/Console/Shell.php(532): Bake\Shell\Task\ModelTask->main('SCOTACOES')
#9 /var/www/html/globalsaude/vendor/cakephp/cakephp/src/Console/Shell.php(525): Cake\Console\Shell->runCommand(Array, false, Array)
#10 /var/www/html/globalsaude/vendor/cakephp/cakephp/src/Console/CommandRunner.php(342): Cake\Console\Shell->runCommand(Array, true)
#11 /var/www/html/globalsaude/vendor/cakephp/cakephp/src/Console/CommandRunner.php(164): Cake\Console\CommandRunner->runShell(Object(Bake\Shell\BakeShell), Array)
#12 /var/www/html/globalsaude/bin/cake.php(12): Cake\Console\CommandRunner->run(Array)
#13 {main}


2018-11-07 21:41:49 Error: [Cake\Database\Exception] SQLSTATE[42S02]: Base table or view not found: 1146 Table 'gtedcomb_bdsaude.s_c_o_t_a_c_o_e_s' doesn't exist in /var/www/html/globalsaude/vendor/cakephp/cakephp/src/Database/Schema/Collection.php on line 131
Stack Trace:
#0 /var/www/html/globalsaude/vendor/cakephp/cakephp/src/Database/Schema/Collection.php(97): Cake\Database\Schema\Collection->_reflect('Column', 's_c_o_t_a_c_o_e...', Array, Object(Cake\Database\Schema\TableSchema))
#1 /var/www/html/globalsaude/vendor/cakephp/cakephp/src/Database/Schema/CachedCollection.php(63): Cake\Database\Schema\Collection->describe('s_c_o_t_a_c_o_e...', Array)
#2 /var/www/html/globalsaude/vendor/cakephp/cakephp/src/ORM/Table.php(548): Cake\Database\Schema\CachedCollection->describe('s_c_o_t_a_c_o_e...')
#3 /var/www/html/globalsaude/vendor/cakephp/cakephp/src/ORM/Table.php(673): Cake\ORM\Table->getSchema()
#4 /var/www/html/globalsaude/vendor/cakephp/bake/src/Shell/Task/ModelTask.php(221): Cake\ORM\Table->getPrimaryKey()
#5 /var/www/html/globalsaude/vendor/cakephp/bake/src/Shell/Task/ModelTask.php(131): Bake\Shell\Task\ModelTask->getAssociations(Object(Cake\ORM\Table))
#6 /var/www/html/globalsaude/vendor/cakephp/bake/src/Shell/Task/ModelTask.php(114): Bake\Shell\Task\ModelTask->getTableContext(Object(Cake\ORM\Table), 's_c_o_t_a_c_o_e...', 'SCOTACOES')
#7 /var/www/html/globalsaude/vendor/cakephp/bake/src/Shell/Task/ModelTask.php(101): Bake\Shell\Task\ModelTask->bake('SCOTACOES')
#8 /var/www/html/globalsaude/vendor/cakephp/cakephp/src/Console/Shell.php(532): Bake\Shell\Task\ModelTask->main('SCOTACOES')
#9 /var/www/html/globalsaude/vendor/cakephp/cakephp/src/Console/Shell.php(525): Cake\Console\Shell->runCommand(Array, false, Array)
#10 /var/www/html/globalsaude/vendor/cakephp/cakephp/src/Console/CommandRunner.php(342): Cake\Console\Shell->runCommand(Array, true)
#11 /var/www/html/globalsaude/vendor/cakephp/cakephp/src/Console/CommandRunner.php(164): Cake\Console\CommandRunner->runShell(Object(Bake\Shell\BakeShell), Array)
#12 /var/www/html/globalsaude/bin/cake.php(12): Cake\Console\CommandRunner->run(Array)
#13 {main}


2018-11-07 21:43:09 Error: [Cake\Database\Exception] SQLSTATE[42S02]: Base table or view not found: 1146 Table 'gtedcomb_bdsaude.c_o_t_a_c_o_e_s' doesn't exist in /var/www/html/globalsaude/vendor/cakephp/cakephp/src/Database/Schema/Collection.php on line 131
Stack Trace:
#0 /var/www/html/globalsaude/vendor/cakephp/cakephp/src/Database/Schema/Collection.php(97): Cake\Database\Schema\Collection->_reflect('Column', 'c_o_t_a_c_o_e_s', Array, Object(Cake\Database\Schema\TableSchema))
#1 /var/www/html/globalsaude/vendor/cakephp/cakephp/src/Database/Schema/CachedCollection.php(63): Cake\Database\Schema\Collection->describe('c_o_t_a_c_o_e_s', Array)
#2 /var/www/html/globalsaude/vendor/cakephp/cakephp/src/ORM/Table.php(548): Cake\Database\Schema\CachedCollection->describe('c_o_t_a_c_o_e_s')
#3 /var/www/html/globalsaude/vendor/cakephp/cakephp/src/ORM/Table.php(673): Cake\ORM\Table->getSchema()
#4 /var/www/html/globalsaude/vendor/cakephp/bake/src/Shell/Task/ModelTask.php(221): Cake\ORM\Table->getPrimaryKey()
#5 /var/www/html/globalsaude/vendor/cakephp/bake/src/Shell/Task/ModelTask.php(131): Bake\Shell\Task\ModelTask->getAssociations(Object(Cake\ORM\Table))
#6 /var/www/html/globalsaude/vendor/cakephp/bake/src/Shell/Task/ModelTask.php(114): Bake\Shell\Task\ModelTask->getTableContext(Object(Cake\ORM\Table), 'c_o_t_a_c_o_e_s', 'COTACOES')
#7 /var/www/html/globalsaude/vendor/cakephp/bake/src/Shell/Task/ModelTask.php(101): Bake\Shell\Task\ModelTask->bake('COTACOES')
#8 /var/www/html/globalsaude/vendor/cakephp/cakephp/src/Console/Shell.php(532): Bake\Shell\Task\ModelTask->main('COTACOES')
#9 /var/www/html/globalsaude/vendor/cakephp/cakephp/src/Console/Shell.php(525): Cake\Console\Shell->runCommand(Array, false, Array)
#10 /var/www/html/globalsaude/vendor/cakephp/cakephp/src/Console/CommandRunner.php(342): Cake\Console\Shell->runCommand(Array, true)
#11 /var/www/html/globalsaude/vendor/cakephp/cakephp/src/Console/CommandRunner.php(164): Cake\Console\CommandRunner->runShell(Object(Bake\Shell\BakeShell), Array)
#12 /var/www/html/globalsaude/bin/cake.php(12): Cake\Console\CommandRunner->run(Array)
#13 {main}


2018-11-07 21:44:03 Error: [Cake\Database\Exception] SQLSTATE[42S02]: Base table or view not found: 1146 Table 'gtedcomb_bdsaude.c_o_t_a_c_o_e_s' doesn't exist in /var/www/html/globalsaude/vendor/cakephp/cakephp/src/Database/Schema/Collection.php on line 131
Stack Trace:
#0 /var/www/html/globalsaude/vendor/cakephp/cakephp/src/Database/Schema/Collection.php(97): Cake\Database\Schema\Collection->_reflect('Column', 'c_o_t_a_c_o_e_s', Array, Object(Cake\Database\Schema\TableSchema))
#1 /var/www/html/globalsaude/vendor/cakephp/cakephp/src/Database/Schema/CachedCollection.php(63): Cake\Database\Schema\Collection->describe('c_o_t_a_c_o_e_s', Array)
#2 /var/www/html/globalsaude/vendor/cakephp/cakephp/src/ORM/Table.php(548): Cake\Database\Schema\CachedCollection->describe('c_o_t_a_c_o_e_s')
#3 /var/www/html/globalsaude/vendor/cakephp/cakephp/src/ORM/Table.php(673): Cake\ORM\Table->getSchema()
#4 /var/www/html/globalsaude/vendor/cakephp/bake/src/Shell/Task/ModelTask.php(221): Cake\ORM\Table->getPrimaryKey()
#5 /var/www/html/globalsaude/vendor/cakephp/bake/src/Shell/Task/ModelTask.php(131): Bake\Shell\Task\ModelTask->getAssociations(Object(Cake\ORM\Table))
#6 /var/www/html/globalsaude/vendor/cakephp/bake/src/Shell/Task/ModelTask.php(114): Bake\Shell\Task\ModelTask->getTableContext(Object(Cake\ORM\Table), 'c_o_t_a_c_o_e_s', 'COTACOES')
#7 /var/www/html/globalsaude/vendor/cakephp/bake/src/Shell/Task/ModelTask.php(101): Bake\Shell\Task\ModelTask->bake('COTACOES')
#8 /var/www/html/globalsaude/vendor/cakephp/bake/src/Shell/BakeShell.php(273): Bake\Shell\Task\ModelTask->main('COTACOES')
#9 /var/www/html/globalsaude/vendor/cakephp/cakephp/src/Collection/CollectionTrait.php(51): Bake\Shell\BakeShell->Bake\Shell\{closure}('COTACOES', 0)
#10 /var/www/html/globalsaude/vendor/cakephp/bake/src/Shell/BakeShell.php(274): Cake\Collection\Collection->each(Object(Closure))
#11 /var/www/html/globalsaude/vendor/cakephp/cakephp/src/Console/Shell.php(518): Bake\Shell\BakeShell->all('COTACOES')
#12 /var/www/html/globalsaude/vendor/cakephp/cakephp/src/Console/CommandRunner.php(342): Cake\Console\Shell->runCommand(Array, true)
#13 /var/www/html/globalsaude/vendor/cakephp/cakephp/src/Console/CommandRunner.php(164): Cake\Console\CommandRunner->runShell(Object(Bake\Shell\BakeShell), Array)
#14 /var/www/html/globalsaude/bin/cake.php(12): Cake\Console\CommandRunner->run(Array)
#15 {main}


2018-11-07 21:44:24 Error: [Cake\Database\Exception] SQLSTATE[42S02]: Base table or view not found: 1146 Table 'gtedcomb_bdsaude.cotacoes' doesn't exist in /var/www/html/globalsaude/vendor/cakephp/cakephp/src/Database/Schema/Collection.php on line 131
Stack Trace:
#0 /var/www/html/globalsaude/vendor/cakephp/cakephp/src/Database/Schema/Collection.php(97): Cake\Database\Schema\Collection->_reflect('Column', 'cotacoes', Array, Object(Cake\Database\Schema\TableSchema))
#1 /var/www/html/globalsaude/vendor/cakephp/cakephp/src/Database/Schema/CachedCollection.php(63): Cake\Database\Schema\Collection->describe('cotacoes', Array)
#2 /var/www/html/globalsaude/vendor/cakephp/cakephp/src/ORM/Table.php(548): Cake\Database\Schema\CachedCollection->describe('cotacoes')
#3 /var/www/html/globalsaude/vendor/cakephp/cakephp/src/ORM/Table.php(673): Cake\ORM\Table->getSchema()
#4 /var/www/html/globalsaude/vendor/cakephp/bake/src/Shell/Task/ModelTask.php(221): Cake\ORM\Table->getPrimaryKey()
#5 /var/www/html/globalsaude/vendor/cakephp/bake/src/Shell/Task/ModelTask.php(131): Bake\Shell\Task\ModelTask->getAssociations(Object(Cake\ORM\Table))
#6 /var/www/html/globalsaude/vendor/cakephp/bake/src/Shell/Task/ModelTask.php(114): Bake\Shell\Task\ModelTask->getTableContext(Object(Cake\ORM\Table), 'cotacoes', 'Cotacoes')
#7 /var/www/html/globalsaude/vendor/cakephp/bake/src/Shell/Task/ModelTask.php(101): Bake\Shell\Task\ModelTask->bake('Cotacoes')
#8 /var/www/html/globalsaude/vendor/cakephp/bake/src/Shell/BakeShell.php(273): Bake\Shell\Task\ModelTask->main('Cotacoes')
#9 /var/www/html/globalsaude/vendor/cakephp/cakephp/src/Collection/CollectionTrait.php(51): Bake\Shell\BakeShell->Bake\Shell\{closure}('Cotacoes', 0)
#10 /var/www/html/globalsaude/vendor/cakephp/bake/src/Shell/BakeShell.php(274): Cake\Collection\Collection->each(Object(Closure))
#11 /var/www/html/globalsaude/vendor/cakephp/cakephp/src/Console/Shell.php(518): Bake\Shell\BakeShell->all('cotacoes')
#12 /var/www/html/globalsaude/vendor/cakephp/cakephp/src/Console/CommandRunner.php(342): Cake\Console\Shell->runCommand(Array, true)
#13 /var/www/html/globalsaude/vendor/cakephp/cakephp/src/Console/CommandRunner.php(164): Cake\Console\CommandRunner->runShell(Object(Bake\Shell\BakeShell), Array)
#14 /var/www/html/globalsaude/bin/cake.php(12): Cake\Console\CommandRunner->run(Array)
#15 {main}


2018-11-07 21:48:54 Error: [Cake\Database\Exception] SQLSTATE[42S02]: Base table or view not found: 1146 Table 'gtedcomb_bdsaude.cotacoes' doesn't exist in /var/www/html/globalsaude/vendor/cakephp/cakephp/src/Database/Schema/Collection.php on line 131
Stack Trace:
#0 /var/www/html/globalsaude/vendor/cakephp/cakephp/src/Database/Schema/Collection.php(97): Cake\Database\Schema\Collection->_reflect('Column', 'cotacoes', Array, Object(Cake\Database\Schema\TableSchema))
#1 /var/www/html/globalsaude/vendor/cakephp/cakephp/src/Database/Schema/CachedCollection.php(63): Cake\Database\Schema\Collection->describe('cotacoes', Array)
#2 /var/www/html/globalsaude/vendor/cakephp/cakephp/src/ORM/Table.php(548): Cake\Database\Schema\CachedCollection->describe('cotacoes')
#3 /var/www/html/globalsaude/vendor/cakephp/cakephp/src/ORM/Table.php(673): Cake\ORM\Table->getSchema()
#4 /var/www/html/globalsaude/vendor/cakephp/bake/src/Shell/Task/ModelTask.php(221): Cake\ORM\Table->getPrimaryKey()
#5 /var/www/html/globalsaude/vendor/cakephp/bake/src/Shell/Task/ModelTask.php(131): Bake\Shell\Task\ModelTask->getAssociations(Object(Cake\ORM\Table))
#6 /var/www/html/globalsaude/vendor/cakephp/bake/src/Shell/Task/ModelTask.php(114): Bake\Shell\Task\ModelTask->getTableContext(Object(Cake\ORM\Table), 'cotacoes', 'Cotacoes')
#7 /var/www/html/globalsaude/vendor/cakephp/bake/src/Shell/Task/ModelTask.php(101): Bake\Shell\Task\ModelTask->bake('Cotacoes')
#8 /var/www/html/globalsaude/vendor/cakephp/bake/src/Shell/BakeShell.php(273): Bake\Shell\Task\ModelTask->main('Cotacoes')
#9 /var/www/html/globalsaude/vendor/cakephp/cakephp/src/Collection/CollectionTrait.php(51): Bake\Shell\BakeShell->Bake\Shell\{closure}('Cotacoes', 0)
#10 /var/www/html/globalsaude/vendor/cakephp/bake/src/Shell/BakeShell.php(274): Cake\Collection\Collection->each(Object(Closure))
#11 /var/www/html/globalsaude/vendor/cakephp/cakephp/src/Console/Shell.php(518): Bake\Shell\BakeShell->all('cotacoes')
#12 /var/www/html/globalsaude/vendor/cakephp/cakephp/src/Console/CommandRunner.php(342): Cake\Console\Shell->runCommand(Array, true)
#13 /var/www/html/globalsaude/vendor/cakephp/cakephp/src/Console/CommandRunner.php(164): Cake\Console\CommandRunner->runShell(Object(Bake\Shell\BakeShell), Array)
#14 /var/www/html/globalsaude/bin/cake.php(12): Cake\Console\CommandRunner->run(Array)
#15 {main}


2018-11-07 21:49:30 Error: [Cake\Database\Exception] SQLSTATE[42S02]: Base table or view not found: 1146 Table 'gtedcomb_bdsaude.c_o_t_a_c_o_e_s' doesn't exist in /var/www/html/globalsaude/vendor/cakephp/cakephp/src/Database/Schema/Collection.php on line 131
Stack Trace:
#0 /var/www/html/globalsaude/vendor/cakephp/cakephp/src/Database/Schema/Collection.php(97): Cake\Database\Schema\Collection->_reflect('Column', 'c_o_t_a_c_o_e_s', Array, Object(Cake\Database\Schema\TableSchema))
#1 /var/www/html/globalsaude/vendor/cakephp/cakephp/src/Database/Schema/CachedCollection.php(63): Cake\Database\Schema\Collection->describe('c_o_t_a_c_o_e_s', Array)
#2 /var/www/html/globalsaude/vendor/cakephp/cakephp/src/ORM/Table.php(548): Cake\Database\Schema\CachedCollection->describe('c_o_t_a_c_o_e_s')
#3 /var/www/html/globalsaude/vendor/cakephp/cakephp/src/ORM/Table.php(673): Cake\ORM\Table->getSchema()
#4 /var/www/html/globalsaude/vendor/cakephp/bake/src/Shell/Task/ModelTask.php(221): Cake\ORM\Table->getPrimaryKey()
#5 /var/www/html/globalsaude/vendor/cakephp/bake/src/Shell/Task/ModelTask.php(131): Bake\Shell\Task\ModelTask->getAssociations(Object(Cake\ORM\Table))
#6 /var/www/html/globalsaude/vendor/cakephp/bake/src/Shell/Task/ModelTask.php(114): Bake\Shell\Task\ModelTask->getTableContext(Object(Cake\ORM\Table), 'c_o_t_a_c_o_e_s', 'COTACOES')
#7 /var/www/html/globalsaude/vendor/cakephp/bake/src/Shell/Task/ModelTask.php(101): Bake\Shell\Task\ModelTask->bake('COTACOES')
#8 /var/www/html/globalsaude/vendor/cakephp/bake/src/Shell/BakeShell.php(273): Bake\Shell\Task\ModelTask->main('COTACOES')
#9 /var/www/html/globalsaude/vendor/cakephp/cakephp/src/Collection/CollectionTrait.php(51): Bake\Shell\BakeShell->Bake\Shell\{closure}('COTACOES', 0)
#10 /var/www/html/globalsaude/vendor/cakephp/bake/src/Shell/BakeShell.php(274): Cake\Collection\Collection->each(Object(Closure))
#11 /var/www/html/globalsaude/vendor/cakephp/cakephp/src/Console/Shell.php(518): Bake\Shell\BakeShell->all('COTACOES')
#12 /var/www/html/globalsaude/vendor/cakephp/cakephp/src/Console/CommandRunner.php(342): Cake\Console\Shell->runCommand(Array, true)
#13 /var/www/html/globalsaude/vendor/cakephp/cakephp/src/Console/CommandRunner.php(164): Cake\Console\CommandRunner->runShell(Object(Bake\Shell\BakeShell), Array)
#14 /var/www/html/globalsaude/bin/cake.php(12): Cake\Console\CommandRunner->run(Array)
#15 {main}


