2018-11-07 20:17:52 Notice: Notice (1024): Undefined property: PaginasController::$Cotacoes in /var/www/html/globalsaude/src/Controller/PaginasController.php on line 45 in [/var/www/html/globalsaude/vendor/cakephp/cakephp/src/Controller/Controller.php, line 387]
Request URL: /paginas/cotacao
Referer URL: http://localhost:8080/globalsaude/
Client IP: 127.0.0.1
Trace:
Cake\Error\BaseErrorHandler::handleError() - CORE/src/Error/BaseErrorHandler.php, line 159
Cake\Core\BasePlugin::{closure}() - ROOT/vendor/cakephp/debug_kit/config/bootstrap.php, line 42
Cake\Controller\Controller::__get() - CORE/src/Controller/Controller.php, line 387
App\Controller\PaginasController::cotacao() - APP/Controller/PaginasController.php, line 45
Cake\Controller\Controller::invokeAction() - CORE/src/Controller/Controller.php, line 609
Cake\Http\ActionDispatcher::_invoke() - CORE/src/Http/ActionDispatcher.php, line 120
Cake\Http\ActionDispatcher::dispatch() - CORE/src/Http/ActionDispatcher.php, line 94
Cake\Http\BaseApplication::__invoke() - CORE/src/Http/BaseApplication.php, line 235
Cake\Http\Runner::__invoke() - CORE/src/Http/Runner.php, line 65
Cake\Http\Runner::__invoke() - CORE/src/Http/Runner.php, line 65
Cake\Http\Middleware\CsrfProtectionMiddleware::__invoke() - CORE/src/Http/Middleware/CsrfProtectionMiddleware.php, line 107
Cake\Http\Runner::__invoke() - CORE/src/Http/Runner.php, line 65
Cake\Http\Runner::run() - CORE/src/Http/Runner.php, line 51
Cake\Routing\Middleware\RoutingMiddleware::__invoke() - CORE/src/Routing/Middleware/RoutingMiddleware.php, line 162
Cake\Http\Runner::__invoke() - CORE/src/Http/Runner.php, line 65
Cake\Routing\Middleware\AssetMiddleware::__invoke() - CORE/src/Routing/Middleware/AssetMiddleware.php, line 88
Cake\Http\Runner::__invoke() - CORE/src/Http/Runner.php, line 65
Cake\Error\Middleware\ErrorHandlerMiddleware::__invoke() - CORE/src/Error/Middleware/ErrorHandlerMiddleware.php, line 98
Cake\Http\Runner::__invoke() - CORE/src/Http/Runner.php, line 65
DebugKit\Middleware\DebugKitMiddleware::__invoke() - ROOT/vendor/cakephp/debug_kit/src/Middleware/DebugKitMiddleware.php, line 53
Cake\Http\Runner::__invoke() - CORE/src/Http/Runner.php, line 65
Cake\Http\Runner::run() - CORE/src/Http/Runner.php, line 51
Cake\Http\Server::run() - CORE/src/Http/Server.php, line 98
[main] - ROOT/webroot/index.php, line 40



2018-11-07 20:18:17 Notice: Notice (1024): Undefined property: PaginasController::$Cotacoe in /var/www/html/globalsaude/src/Controller/PaginasController.php on line 45 in [/var/www/html/globalsaude/vendor/cakephp/cakephp/src/Controller/Controller.php, line 387]
Request URL: /paginas/cotacao
Referer URL: http://localhost:8080/globalsaude/
Client IP: 127.0.0.1
Trace:
Cake\Error\BaseErrorHandler::handleError() - CORE/src/Error/BaseErrorHandler.php, line 159
Cake\Core\BasePlugin::{closure}() - ROOT/vendor/cakephp/debug_kit/config/bootstrap.php, line 42
Cake\Controller\Controller::__get() - CORE/src/Controller/Controller.php, line 387
App\Controller\PaginasController::cotacao() - APP/Controller/PaginasController.php, line 45
Cake\Controller\Controller::invokeAction() - CORE/src/Controller/Controller.php, line 609
Cake\Http\ActionDispatcher::_invoke() - CORE/src/Http/ActionDispatcher.php, line 120
Cake\Http\ActionDispatcher::dispatch() - CORE/src/Http/ActionDispatcher.php, line 94
Cake\Http\BaseApplication::__invoke() - CORE/src/Http/BaseApplication.php, line 235
Cake\Http\Runner::__invoke() - CORE/src/Http/Runner.php, line 65
Cake\Http\Runner::__invoke() - CORE/src/Http/Runner.php, line 65
Cake\Http\Middleware\CsrfProtectionMiddleware::__invoke() - CORE/src/Http/Middleware/CsrfProtectionMiddleware.php, line 107
Cake\Http\Runner::__invoke() - CORE/src/Http/Runner.php, line 65
Cake\Http\Runner::run() - CORE/src/Http/Runner.php, line 51
Cake\Routing\Middleware\RoutingMiddleware::__invoke() - CORE/src/Routing/Middleware/RoutingMiddleware.php, line 162
Cake\Http\Runner::__invoke() - CORE/src/Http/Runner.php, line 65
Cake\Routing\Middleware\AssetMiddleware::__invoke() - CORE/src/Routing/Middleware/AssetMiddleware.php, line 88
Cake\Http\Runner::__invoke() - CORE/src/Http/Runner.php, line 65
Cake\Error\Middleware\ErrorHandlerMiddleware::__invoke() - CORE/src/Error/Middleware/ErrorHandlerMiddleware.php, line 98
Cake\Http\Runner::__invoke() - CORE/src/Http/Runner.php, line 65
DebugKit\Middleware\DebugKitMiddleware::__invoke() - ROOT/vendor/cakephp/debug_kit/src/Middleware/DebugKitMiddleware.php, line 53
Cake\Http\Runner::__invoke() - CORE/src/Http/Runner.php, line 65
Cake\Http\Runner::run() - CORE/src/Http/Runner.php, line 51
Cake\Http\Server::run() - CORE/src/Http/Server.php, line 98
[main] - ROOT/webroot/index.php, line 40



2018-11-07 20:47:59 Notice: Notice (1024): Undefined property: PaginasController::$Cotacoes in /var/www/html/globalsaude/src/Controller/PaginasController.php on line 45 in [/var/www/html/globalsaude/vendor/cakephp/cakephp/src/Controller/Controller.php, line 387]
Request URL: /paginas/cotacao
Referer URL: http://localhost:8080/globalsaude/
Client IP: 127.0.0.1
Trace:
Cake\Error\BaseErrorHandler::handleError() - CORE/src/Error/BaseErrorHandler.php, line 159
Cake\Core\BasePlugin::{closure}() - ROOT/vendor/cakephp/debug_kit/config/bootstrap.php, line 42
Cake\Controller\Controller::__get() - CORE/src/Controller/Controller.php, line 387
App\Controller\PaginasController::cotacao() - APP/Controller/PaginasController.php, line 45
Cake\Controller\Controller::invokeAction() - CORE/src/Controller/Controller.php, line 609
Cake\Http\ActionDispatcher::_invoke() - CORE/src/Http/ActionDispatcher.php, line 120
Cake\Http\ActionDispatcher::dispatch() - CORE/src/Http/ActionDispatcher.php, line 94
Cake\Http\BaseApplication::__invoke() - CORE/src/Http/BaseApplication.php, line 235
Cake\Http\Runner::__invoke() - CORE/src/Http/Runner.php, line 65
Cake\Http\Runner::__invoke() - CORE/src/Http/Runner.php, line 65
Cake\Http\Middleware\CsrfProtectionMiddleware::__invoke() - CORE/src/Http/Middleware/CsrfProtectionMiddleware.php, line 107
Cake\Http\Runner::__invoke() - CORE/src/Http/Runner.php, line 65
Cake\Http\Runner::run() - CORE/src/Http/Runner.php, line 51
Cake\Routing\Middleware\RoutingMiddleware::__invoke() - CORE/src/Routing/Middleware/RoutingMiddleware.php, line 162
Cake\Http\Runner::__invoke() - CORE/src/Http/Runner.php, line 65
Cake\Routing\Middleware\AssetMiddleware::__invoke() - CORE/src/Routing/Middleware/AssetMiddleware.php, line 88
Cake\Http\Runner::__invoke() - CORE/src/Http/Runner.php, line 65
Cake\Error\Middleware\ErrorHandlerMiddleware::__invoke() - CORE/src/Error/Middleware/ErrorHandlerMiddleware.php, line 98
Cake\Http\Runner::__invoke() - CORE/src/Http/Runner.php, line 65
DebugKit\Middleware\DebugKitMiddleware::__invoke() - ROOT/vendor/cakephp/debug_kit/src/Middleware/DebugKitMiddleware.php, line 53
Cake\Http\Runner::__invoke() - CORE/src/Http/Runner.php, line 65
Cake\Http\Runner::run() - CORE/src/Http/Runner.php, line 51
Cake\Http\Server::run() - CORE/src/Http/Server.php, line 98
[main] - ROOT/webroot/index.php, line 40



2018-11-07 20:52:29 Notice: Notice (1024): Undefined property: PaginasController::$Cotacoes in /var/www/html/globalsaude/src/Controller/PaginasController.php on line 45 in [/var/www/html/globalsaude/vendor/cakephp/cakephp/src/Controller/Controller.php, line 387]
Request URL: /paginas/cotacao
Referer URL: http://localhost:8080/globalsaude/
Client IP: 127.0.0.1
Trace:
Cake\Error\BaseErrorHandler::handleError() - CORE/src/Error/BaseErrorHandler.php, line 159
Cake\Core\BasePlugin::{closure}() - ROOT/vendor/cakephp/debug_kit/config/bootstrap.php, line 42
Cake\Controller\Controller::__get() - CORE/src/Controller/Controller.php, line 387
App\Controller\PaginasController::cotacao() - APP/Controller/PaginasController.php, line 45
Cake\Controller\Controller::invokeAction() - CORE/src/Controller/Controller.php, line 609
Cake\Http\ActionDispatcher::_invoke() - CORE/src/Http/ActionDispatcher.php, line 120
Cake\Http\ActionDispatcher::dispatch() - CORE/src/Http/ActionDispatcher.php, line 94
Cake\Http\BaseApplication::__invoke() - CORE/src/Http/BaseApplication.php, line 235
Cake\Http\Runner::__invoke() - CORE/src/Http/Runner.php, line 65
Cake\Http\Runner::__invoke() - CORE/src/Http/Runner.php, line 65
Cake\Http\Middleware\CsrfProtectionMiddleware::__invoke() - CORE/src/Http/Middleware/CsrfProtectionMiddleware.php, line 107
Cake\Http\Runner::__invoke() - CORE/src/Http/Runner.php, line 65
Cake\Http\Runner::run() - CORE/src/Http/Runner.php, line 51
Cake\Routing\Middleware\RoutingMiddleware::__invoke() - CORE/src/Routing/Middleware/RoutingMiddleware.php, line 162
Cake\Http\Runner::__invoke() - CORE/src/Http/Runner.php, line 65
Cake\Routing\Middleware\AssetMiddleware::__invoke() - CORE/src/Routing/Middleware/AssetMiddleware.php, line 88
Cake\Http\Runner::__invoke() - CORE/src/Http/Runner.php, line 65
Cake\Error\Middleware\ErrorHandlerMiddleware::__invoke() - CORE/src/Error/Middleware/ErrorHandlerMiddleware.php, line 98
Cake\Http\Runner::__invoke() - CORE/src/Http/Runner.php, line 65
DebugKit\Middleware\DebugKitMiddleware::__invoke() - ROOT/vendor/cakephp/debug_kit/src/Middleware/DebugKitMiddleware.php, line 53
Cake\Http\Runner::__invoke() - CORE/src/Http/Runner.php, line 65
Cake\Http\Runner::run() - CORE/src/Http/Runner.php, line 51
Cake\Http\Server::run() - CORE/src/Http/Server.php, line 98
[main] - ROOT/webroot/index.php, line 40



2018-11-07 20:53:05 Notice: Notice (1024): Undefined property: PaginasController::$Cotacoes in /var/www/html/globalsaude/src/Controller/PaginasController.php on line 45 in [/var/www/html/globalsaude/vendor/cakephp/cakephp/src/Controller/Controller.php, line 387]
Request URL: /paginas/cotacao
Referer URL: http://localhost:8080/globalsaude/
Client IP: 127.0.0.1
Trace:
Cake\Error\BaseErrorHandler::handleError() - CORE/src/Error/BaseErrorHandler.php, line 159
Cake\Core\BasePlugin::{closure}() - ROOT/vendor/cakephp/debug_kit/config/bootstrap.php, line 42
Cake\Controller\Controller::__get() - CORE/src/Controller/Controller.php, line 387
App\Controller\PaginasController::cotacao() - APP/Controller/PaginasController.php, line 45
Cake\Controller\Controller::invokeAction() - CORE/src/Controller/Controller.php, line 609
Cake\Http\ActionDispatcher::_invoke() - CORE/src/Http/ActionDispatcher.php, line 120
Cake\Http\ActionDispatcher::dispatch() - CORE/src/Http/ActionDispatcher.php, line 94
Cake\Http\BaseApplication::__invoke() - CORE/src/Http/BaseApplication.php, line 235
Cake\Http\Runner::__invoke() - CORE/src/Http/Runner.php, line 65
Cake\Http\Runner::__invoke() - CORE/src/Http/Runner.php, line 65
Cake\Http\Middleware\CsrfProtectionMiddleware::__invoke() - CORE/src/Http/Middleware/CsrfProtectionMiddleware.php, line 107
Cake\Http\Runner::__invoke() - CORE/src/Http/Runner.php, line 65
Cake\Http\Runner::run() - CORE/src/Http/Runner.php, line 51
Cake\Routing\Middleware\RoutingMiddleware::__invoke() - CORE/src/Routing/Middleware/RoutingMiddleware.php, line 162
Cake\Http\Runner::__invoke() - CORE/src/Http/Runner.php, line 65
Cake\Routing\Middleware\AssetMiddleware::__invoke() - CORE/src/Routing/Middleware/AssetMiddleware.php, line 88
Cake\Http\Runner::__invoke() - CORE/src/Http/Runner.php, line 65
Cake\Error\Middleware\ErrorHandlerMiddleware::__invoke() - CORE/src/Error/Middleware/ErrorHandlerMiddleware.php, line 98
Cake\Http\Runner::__invoke() - CORE/src/Http/Runner.php, line 65
DebugKit\Middleware\DebugKitMiddleware::__invoke() - ROOT/vendor/cakephp/debug_kit/src/Middleware/DebugKitMiddleware.php, line 53
Cake\Http\Runner::__invoke() - CORE/src/Http/Runner.php, line 65
Cake\Http\Runner::run() - CORE/src/Http/Runner.php, line 51
Cake\Http\Server::run() - CORE/src/Http/Server.php, line 98
[main] - ROOT/webroot/index.php, line 40



2018-11-07 20:54:33 Notice: Notice (1024): Undefined property: PaginasController::$Cotacoes in /var/www/html/globalsaude/src/Controller/PaginasController.php on line 47 in [/var/www/html/globalsaude/vendor/cakephp/cakephp/src/Controller/Controller.php, line 387]
Request URL: /paginas/cotacao
Referer URL: http://localhost:8080/globalsaude/
Client IP: 127.0.0.1
Trace:
Cake\Error\BaseErrorHandler::handleError() - CORE/src/Error/BaseErrorHandler.php, line 159
Cake\Core\BasePlugin::{closure}() - ROOT/vendor/cakephp/debug_kit/config/bootstrap.php, line 42
Cake\Controller\Controller::__get() - CORE/src/Controller/Controller.php, line 387
App\Controller\PaginasController::cotacao() - APP/Controller/PaginasController.php, line 47
Cake\Controller\Controller::invokeAction() - CORE/src/Controller/Controller.php, line 609
Cake\Http\ActionDispatcher::_invoke() - CORE/src/Http/ActionDispatcher.php, line 120
Cake\Http\ActionDispatcher::dispatch() - CORE/src/Http/ActionDispatcher.php, line 94
Cake\Http\BaseApplication::__invoke() - CORE/src/Http/BaseApplication.php, line 235
Cake\Http\Runner::__invoke() - CORE/src/Http/Runner.php, line 65
Cake\Http\Runner::__invoke() - CORE/src/Http/Runner.php, line 65
Cake\Http\Middleware\CsrfProtectionMiddleware::__invoke() - CORE/src/Http/Middleware/CsrfProtectionMiddleware.php, line 107
Cake\Http\Runner::__invoke() - CORE/src/Http/Runner.php, line 65
Cake\Http\Runner::run() - CORE/src/Http/Runner.php, line 51
Cake\Routing\Middleware\RoutingMiddleware::__invoke() - CORE/src/Routing/Middleware/RoutingMiddleware.php, line 162
Cake\Http\Runner::__invoke() - CORE/src/Http/Runner.php, line 65
Cake\Routing\Middleware\AssetMiddleware::__invoke() - CORE/src/Routing/Middleware/AssetMiddleware.php, line 88
Cake\Http\Runner::__invoke() - CORE/src/Http/Runner.php, line 65
Cake\Error\Middleware\ErrorHandlerMiddleware::__invoke() - CORE/src/Error/Middleware/ErrorHandlerMiddleware.php, line 98
Cake\Http\Runner::__invoke() - CORE/src/Http/Runner.php, line 65
DebugKit\Middleware\DebugKitMiddleware::__invoke() - ROOT/vendor/cakephp/debug_kit/src/Middleware/DebugKitMiddleware.php, line 53
Cake\Http\Runner::__invoke() - CORE/src/Http/Runner.php, line 65
Cake\Http\Runner::run() - CORE/src/Http/Runner.php, line 51
Cake\Http\Server::run() - CORE/src/Http/Server.php, line 98
[main] - ROOT/webroot/index.php, line 40



2018-11-07 20:54:38 Notice: Notice (1024): Undefined property: PaginasController::$Cotacoes in /var/www/html/globalsaude/src/Controller/PaginasController.php on line 47 in [/var/www/html/globalsaude/vendor/cakephp/cakephp/src/Controller/Controller.php, line 387]
Request URL: /paginas/cotacao
Referer URL: http://localhost:8080/globalsaude/
Client IP: 127.0.0.1
Trace:
Cake\Error\BaseErrorHandler::handleError() - CORE/src/Error/BaseErrorHandler.php, line 159
Cake\Core\BasePlugin::{closure}() - ROOT/vendor/cakephp/debug_kit/config/bootstrap.php, line 42
Cake\Controller\Controller::__get() - CORE/src/Controller/Controller.php, line 387
App\Controller\PaginasController::cotacao() - APP/Controller/PaginasController.php, line 47
Cake\Controller\Controller::invokeAction() - CORE/src/Controller/Controller.php, line 609
Cake\Http\ActionDispatcher::_invoke() - CORE/src/Http/ActionDispatcher.php, line 120
Cake\Http\ActionDispatcher::dispatch() - CORE/src/Http/ActionDispatcher.php, line 94
Cake\Http\BaseApplication::__invoke() - CORE/src/Http/BaseApplication.php, line 235
Cake\Http\Runner::__invoke() - CORE/src/Http/Runner.php, line 65
Cake\Http\Runner::__invoke() - CORE/src/Http/Runner.php, line 65
Cake\Http\Middleware\CsrfProtectionMiddleware::__invoke() - CORE/src/Http/Middleware/CsrfProtectionMiddleware.php, line 107
Cake\Http\Runner::__invoke() - CORE/src/Http/Runner.php, line 65
Cake\Http\Runner::run() - CORE/src/Http/Runner.php, line 51
Cake\Routing\Middleware\RoutingMiddleware::__invoke() - CORE/src/Routing/Middleware/RoutingMiddleware.php, line 162
Cake\Http\Runner::__invoke() - CORE/src/Http/Runner.php, line 65
Cake\Routing\Middleware\AssetMiddleware::__invoke() - CORE/src/Routing/Middleware/AssetMiddleware.php, line 88
Cake\Http\Runner::__invoke() - CORE/src/Http/Runner.php, line 65
Cake\Error\Middleware\ErrorHandlerMiddleware::__invoke() - CORE/src/Error/Middleware/ErrorHandlerMiddleware.php, line 98
Cake\Http\Runner::__invoke() - CORE/src/Http/Runner.php, line 65
DebugKit\Middleware\DebugKitMiddleware::__invoke() - ROOT/vendor/cakephp/debug_kit/src/Middleware/DebugKitMiddleware.php, line 53
Cake\Http\Runner::__invoke() - CORE/src/Http/Runner.php, line 65
Cake\Http\Runner::run() - CORE/src/Http/Runner.php, line 51
Cake\Http\Server::run() - CORE/src/Http/Server.php, line 98
[main] - ROOT/webroot/index.php, line 40



2018-11-07 20:59:24 Notice: Notice (1024): Undefined property: PaginasController::$Cotacoes in /var/www/html/globalsaude/src/Controller/PaginasController.php on line 47 in [/var/www/html/globalsaude/vendor/cakephp/cakephp/src/Controller/Controller.php, line 387]
Request URL: /paginas/cotacao
Referer URL: http://localhost:8080/globalsaude/
Client IP: 127.0.0.1
Trace:
Cake\Error\BaseErrorHandler::handleError() - CORE/src/Error/BaseErrorHandler.php, line 159
Cake\Core\BasePlugin::{closure}() - ROOT/vendor/cakephp/debug_kit/config/bootstrap.php, line 42
Cake\Controller\Controller::__get() - CORE/src/Controller/Controller.php, line 387
App\Controller\PaginasController::cotacao() - APP/Controller/PaginasController.php, line 47
Cake\Controller\Controller::invokeAction() - CORE/src/Controller/Controller.php, line 609
Cake\Http\ActionDispatcher::_invoke() - CORE/src/Http/ActionDispatcher.php, line 120
Cake\Http\ActionDispatcher::dispatch() - CORE/src/Http/ActionDispatcher.php, line 94
Cake\Http\BaseApplication::__invoke() - CORE/src/Http/BaseApplication.php, line 235
Cake\Http\Runner::__invoke() - CORE/src/Http/Runner.php, line 65
Cake\Http\Runner::__invoke() - CORE/src/Http/Runner.php, line 65
Cake\Http\Middleware\CsrfProtectionMiddleware::__invoke() - CORE/src/Http/Middleware/CsrfProtectionMiddleware.php, line 107
Cake\Http\Runner::__invoke() - CORE/src/Http/Runner.php, line 65
Cake\Http\Runner::run() - CORE/src/Http/Runner.php, line 51
Cake\Routing\Middleware\RoutingMiddleware::__invoke() - CORE/src/Routing/Middleware/RoutingMiddleware.php, line 162
Cake\Http\Runner::__invoke() - CORE/src/Http/Runner.php, line 65
Cake\Routing\Middleware\AssetMiddleware::__invoke() - CORE/src/Routing/Middleware/AssetMiddleware.php, line 88
Cake\Http\Runner::__invoke() - CORE/src/Http/Runner.php, line 65
Cake\Error\Middleware\ErrorHandlerMiddleware::__invoke() - CORE/src/Error/Middleware/ErrorHandlerMiddleware.php, line 98
Cake\Http\Runner::__invoke() - CORE/src/Http/Runner.php, line 65
DebugKit\Middleware\DebugKitMiddleware::__invoke() - ROOT/vendor/cakephp/debug_kit/src/Middleware/DebugKitMiddleware.php, line 53
Cake\Http\Runner::__invoke() - CORE/src/Http/Runner.php, line 65
Cake\Http\Runner::run() - CORE/src/Http/Runner.php, line 51
Cake\Http\Server::run() - CORE/src/Http/Server.php, line 98
[main] - ROOT/webroot/index.php, line 40



2018-11-07 21:01:47 Notice: Notice (1024): Undefined property: PaginasController::$Cotacoes in /var/www/html/globalsaude/src/Controller/PaginasController.php on line 47 in [/var/www/html/globalsaude/vendor/cakephp/cakephp/src/Controller/Controller.php, line 387]
Request URL: /paginas/cotacao
Referer URL: http://localhost:8080/globalsaude/
Client IP: 127.0.0.1
Trace:
Cake\Error\BaseErrorHandler::handleError() - CORE/src/Error/BaseErrorHandler.php, line 159
Cake\Core\BasePlugin::{closure}() - ROOT/vendor/cakephp/debug_kit/config/bootstrap.php, line 42
Cake\Controller\Controller::__get() - CORE/src/Controller/Controller.php, line 387
App\Controller\PaginasController::cotacao() - APP/Controller/PaginasController.php, line 47
Cake\Controller\Controller::invokeAction() - CORE/src/Controller/Controller.php, line 609
Cake\Http\ActionDispatcher::_invoke() - CORE/src/Http/ActionDispatcher.php, line 120
Cake\Http\ActionDispatcher::dispatch() - CORE/src/Http/ActionDispatcher.php, line 94
Cake\Http\BaseApplication::__invoke() - CORE/src/Http/BaseApplication.php, line 235
Cake\Http\Runner::__invoke() - CORE/src/Http/Runner.php, line 65
Cake\Http\Runner::__invoke() - CORE/src/Http/Runner.php, line 65
Cake\Http\Middleware\CsrfProtectionMiddleware::__invoke() - CORE/src/Http/Middleware/CsrfProtectionMiddleware.php, line 107
Cake\Http\Runner::__invoke() - CORE/src/Http/Runner.php, line 65
Cake\Http\Runner::run() - CORE/src/Http/Runner.php, line 51
Cake\Routing\Middleware\RoutingMiddleware::__invoke() - CORE/src/Routing/Middleware/RoutingMiddleware.php, line 162
Cake\Http\Runner::__invoke() - CORE/src/Http/Runner.php, line 65
Cake\Routing\Middleware\AssetMiddleware::__invoke() - CORE/src/Routing/Middleware/AssetMiddleware.php, line 88
Cake\Http\Runner::__invoke() - CORE/src/Http/Runner.php, line 65
Cake\Error\Middleware\ErrorHandlerMiddleware::__invoke() - CORE/src/Error/Middleware/ErrorHandlerMiddleware.php, line 98
Cake\Http\Runner::__invoke() - CORE/src/Http/Runner.php, line 65
DebugKit\Middleware\DebugKitMiddleware::__invoke() - ROOT/vendor/cakephp/debug_kit/src/Middleware/DebugKitMiddleware.php, line 53
Cake\Http\Runner::__invoke() - CORE/src/Http/Runner.php, line 65
Cake\Http\Runner::run() - CORE/src/Http/Runner.php, line 51
Cake\Http\Server::run() - CORE/src/Http/Server.php, line 98
[main] - ROOT/webroot/index.php, line 40



2018-11-07 21:02:06 Notice: Notice (1024): Undefined property: PaginasController::$Cotacoes in /var/www/html/globalsaude/src/Controller/PaginasController.php on line 47 in [/var/www/html/globalsaude/vendor/cakephp/cakephp/src/Controller/Controller.php, line 387]
Request URL: /paginas/cotacao
Referer URL: http://localhost:8080/globalsaude/
Client IP: 127.0.0.1
Trace:
Cake\Error\BaseErrorHandler::handleError() - CORE/src/Error/BaseErrorHandler.php, line 159
Cake\Core\BasePlugin::{closure}() - ROOT/vendor/cakephp/debug_kit/config/bootstrap.php, line 42
Cake\Controller\Controller::__get() - CORE/src/Controller/Controller.php, line 387
App\Controller\PaginasController::cotacao() - APP/Controller/PaginasController.php, line 47
Cake\Controller\Controller::invokeAction() - CORE/src/Controller/Controller.php, line 609
Cake\Http\ActionDispatcher::_invoke() - CORE/src/Http/ActionDispatcher.php, line 120
Cake\Http\ActionDispatcher::dispatch() - CORE/src/Http/ActionDispatcher.php, line 94
Cake\Http\BaseApplication::__invoke() - CORE/src/Http/BaseApplication.php, line 235
Cake\Http\Runner::__invoke() - CORE/src/Http/Runner.php, line 65
Cake\Http\Runner::__invoke() - CORE/src/Http/Runner.php, line 65
Cake\Http\Middleware\CsrfProtectionMiddleware::__invoke() - CORE/src/Http/Middleware/CsrfProtectionMiddleware.php, line 107
Cake\Http\Runner::__invoke() - CORE/src/Http/Runner.php, line 65
Cake\Http\Runner::run() - CORE/src/Http/Runner.php, line 51
Cake\Routing\Middleware\RoutingMiddleware::__invoke() - CORE/src/Routing/Middleware/RoutingMiddleware.php, line 162
Cake\Http\Runner::__invoke() - CORE/src/Http/Runner.php, line 65
Cake\Routing\Middleware\AssetMiddleware::__invoke() - CORE/src/Routing/Middleware/AssetMiddleware.php, line 88
Cake\Http\Runner::__invoke() - CORE/src/Http/Runner.php, line 65
Cake\Error\Middleware\ErrorHandlerMiddleware::__invoke() - CORE/src/Error/Middleware/ErrorHandlerMiddleware.php, line 98
Cake\Http\Runner::__invoke() - CORE/src/Http/Runner.php, line 65
DebugKit\Middleware\DebugKitMiddleware::__invoke() - ROOT/vendor/cakephp/debug_kit/src/Middleware/DebugKitMiddleware.php, line 53
Cake\Http\Runner::__invoke() - CORE/src/Http/Runner.php, line 65
Cake\Http\Runner::run() - CORE/src/Http/Runner.php, line 51
Cake\Http\Server::run() - CORE/src/Http/Server.php, line 98
[main] - ROOT/webroot/index.php, line 40



2018-11-07 21:12:41 Notice: Notice (1024): Undefined property: PaginasController::$Cotacoes in /var/www/html/globalsaude/src/Controller/PaginasController.php on line 47 in [/var/www/html/globalsaude/vendor/cakephp/cakephp/src/Controller/Controller.php, line 387]
Request URL: /paginas/cotacao
Referer URL: http://localhost:8080/globalsaude/
Client IP: 127.0.0.1
Trace:
Cake\Error\BaseErrorHandler::handleError() - CORE/src/Error/BaseErrorHandler.php, line 159
Cake\Core\BasePlugin::{closure}() - ROOT/vendor/cakephp/debug_kit/config/bootstrap.php, line 42
Cake\Controller\Controller::__get() - CORE/src/Controller/Controller.php, line 387
App\Controller\PaginasController::cotacao() - APP/Controller/PaginasController.php, line 47
Cake\Controller\Controller::invokeAction() - CORE/src/Controller/Controller.php, line 609
Cake\Http\ActionDispatcher::_invoke() - CORE/src/Http/ActionDispatcher.php, line 120
Cake\Http\ActionDispatcher::dispatch() - CORE/src/Http/ActionDispatcher.php, line 94
Cake\Http\BaseApplication::__invoke() - CORE/src/Http/BaseApplication.php, line 235
Cake\Http\Runner::__invoke() - CORE/src/Http/Runner.php, line 65
Cake\Http\Runner::__invoke() - CORE/src/Http/Runner.php, line 65
Cake\Http\Middleware\CsrfProtectionMiddleware::__invoke() - CORE/src/Http/Middleware/CsrfProtectionMiddleware.php, line 107
Cake\Http\Runner::__invoke() - CORE/src/Http/Runner.php, line 65
Cake\Http\Runner::run() - CORE/src/Http/Runner.php, line 51
Cake\Routing\Middleware\RoutingMiddleware::__invoke() - CORE/src/Routing/Middleware/RoutingMiddleware.php, line 162
Cake\Http\Runner::__invoke() - CORE/src/Http/Runner.php, line 65
Cake\Routing\Middleware\AssetMiddleware::__invoke() - CORE/src/Routing/Middleware/AssetMiddleware.php, line 88
Cake\Http\Runner::__invoke() - CORE/src/Http/Runner.php, line 65
Cake\Error\Middleware\ErrorHandlerMiddleware::__invoke() - CORE/src/Error/Middleware/ErrorHandlerMiddleware.php, line 98
Cake\Http\Runner::__invoke() - CORE/src/Http/Runner.php, line 65
DebugKit\Middleware\DebugKitMiddleware::__invoke() - ROOT/vendor/cakephp/debug_kit/src/Middleware/DebugKitMiddleware.php, line 53
Cake\Http\Runner::__invoke() - CORE/src/Http/Runner.php, line 65
Cake\Http\Runner::run() - CORE/src/Http/Runner.php, line 51
Cake\Http\Server::run() - CORE/src/Http/Server.php, line 98
[main] - ROOT/webroot/index.php, line 40



2018-11-07 21:28:08 Notice: Notice (1024): Undefined property: PaginasController::$Cotacoes in /var/www/html/globalsaude/src/Controller/PaginasController.php on line 47 in [/var/www/html/globalsaude/vendor/cakephp/cakephp/src/Controller/Controller.php, line 387]
Request URL: /paginas/cotacao
Referer URL: http://localhost:8080/globalsaude/
Client IP: 127.0.0.1
Trace:
Cake\Error\BaseErrorHandler::handleError() - CORE/src/Error/BaseErrorHandler.php, line 159
Cake\Core\BasePlugin::{closure}() - ROOT/vendor/cakephp/debug_kit/config/bootstrap.php, line 42
Cake\Controller\Controller::__get() - CORE/src/Controller/Controller.php, line 387
App\Controller\PaginasController::cotacao() - APP/Controller/PaginasController.php, line 47
Cake\Controller\Controller::invokeAction() - CORE/src/Controller/Controller.php, line 609
Cake\Http\ActionDispatcher::_invoke() - CORE/src/Http/ActionDispatcher.php, line 120
Cake\Http\ActionDispatcher::dispatch() - CORE/src/Http/ActionDispatcher.php, line 94
Cake\Http\BaseApplication::__invoke() - CORE/src/Http/BaseApplication.php, line 235
Cake\Http\Runner::__invoke() - CORE/src/Http/Runner.php, line 65
Cake\Http\Runner::__invoke() - CORE/src/Http/Runner.php, line 65
Cake\Http\Middleware\CsrfProtectionMiddleware::__invoke() - CORE/src/Http/Middleware/CsrfProtectionMiddleware.php, line 107
Cake\Http\Runner::__invoke() - CORE/src/Http/Runner.php, line 65
Cake\Http\Runner::run() - CORE/src/Http/Runner.php, line 51
Cake\Routing\Middleware\RoutingMiddleware::__invoke() - CORE/src/Routing/Middleware/RoutingMiddleware.php, line 162
Cake\Http\Runner::__invoke() - CORE/src/Http/Runner.php, line 65
Cake\Routing\Middleware\AssetMiddleware::__invoke() - CORE/src/Routing/Middleware/AssetMiddleware.php, line 88
Cake\Http\Runner::__invoke() - CORE/src/Http/Runner.php, line 65
Cake\Error\Middleware\ErrorHandlerMiddleware::__invoke() - CORE/src/Error/Middleware/ErrorHandlerMiddleware.php, line 98
Cake\Http\Runner::__invoke() - CORE/src/Http/Runner.php, line 65
DebugKit\Middleware\DebugKitMiddleware::__invoke() - ROOT/vendor/cakephp/debug_kit/src/Middleware/DebugKitMiddleware.php, line 53
Cake\Http\Runner::__invoke() - CORE/src/Http/Runner.php, line 65
Cake\Http\Runner::run() - CORE/src/Http/Runner.php, line 51
Cake\Http\Server::run() - CORE/src/Http/Server.php, line 98
[main] - ROOT/webroot/index.php, line 40



2018-11-07 21:57:20 Notice: Notice (1024): Undefined property: PaginasController::$Cotacoes in /var/www/html/globalsaude/src/Controller/PaginasController.php on line 47 in [/var/www/html/globalsaude/vendor/cakephp/cakephp/src/Controller/Controller.php, line 387]
Request URL: /paginas/cotacao
Referer URL: http://localhost:8080/globalsaude/
Client IP: 127.0.0.1
Trace:
Cake\Error\BaseErrorHandler::handleError() - CORE/src/Error/BaseErrorHandler.php, line 159
Cake\Core\BasePlugin::{closure}() - ROOT/vendor/cakephp/debug_kit/config/bootstrap.php, line 42
Cake\Controller\Controller::__get() - CORE/src/Controller/Controller.php, line 387
App\Controller\PaginasController::cotacao() - APP/Controller/PaginasController.php, line 47
Cake\Controller\Controller::invokeAction() - CORE/src/Controller/Controller.php, line 609
Cake\Http\ActionDispatcher::_invoke() - CORE/src/Http/ActionDispatcher.php, line 120
Cake\Http\ActionDispatcher::dispatch() - CORE/src/Http/ActionDispatcher.php, line 94
Cake\Http\BaseApplication::__invoke() - CORE/src/Http/BaseApplication.php, line 235
Cake\Http\Runner::__invoke() - CORE/src/Http/Runner.php, line 65
Cake\Http\Runner::__invoke() - CORE/src/Http/Runner.php, line 65
Cake\Http\Middleware\CsrfProtectionMiddleware::__invoke() - CORE/src/Http/Middleware/CsrfProtectionMiddleware.php, line 107
Cake\Http\Runner::__invoke() - CORE/src/Http/Runner.php, line 65
Cake\Http\Runner::run() - CORE/src/Http/Runner.php, line 51
Cake\Routing\Middleware\RoutingMiddleware::__invoke() - CORE/src/Routing/Middleware/RoutingMiddleware.php, line 162
Cake\Http\Runner::__invoke() - CORE/src/Http/Runner.php, line 65
Cake\Routing\Middleware\AssetMiddleware::__invoke() - CORE/src/Routing/Middleware/AssetMiddleware.php, line 88
Cake\Http\Runner::__invoke() - CORE/src/Http/Runner.php, line 65
Cake\Error\Middleware\ErrorHandlerMiddleware::__invoke() - CORE/src/Error/Middleware/ErrorHandlerMiddleware.php, line 98
Cake\Http\Runner::__invoke() - CORE/src/Http/Runner.php, line 65
DebugKit\Middleware\DebugKitMiddleware::__invoke() - ROOT/vendor/cakephp/debug_kit/src/Middleware/DebugKitMiddleware.php, line 53
Cake\Http\Runner::__invoke() - CORE/src/Http/Runner.php, line 65
Cake\Http\Runner::run() - CORE/src/Http/Runner.php, line 51
Cake\Http\Server::run() - CORE/src/Http/Server.php, line 98
[main] - ROOT/webroot/index.php, line 40



2018-11-07 21:59:55 Notice: Notice (1024): Undefined property: PaginasController::$Cotacoes in /var/www/html/globalsaude/src/Controller/PaginasController.php on line 47 in [/var/www/html/globalsaude/vendor/cakephp/cakephp/src/Controller/Controller.php, line 387]
Request URL: /paginas/cotacao
Referer URL: http://localhost:8080/globalsaude/
Client IP: 127.0.0.1
Trace:
Cake\Error\BaseErrorHandler::handleError() - CORE/src/Error/BaseErrorHandler.php, line 159
Cake\Core\BasePlugin::{closure}() - ROOT/vendor/cakephp/debug_kit/config/bootstrap.php, line 42
Cake\Controller\Controller::__get() - CORE/src/Controller/Controller.php, line 387
App\Controller\PaginasController::cotacao() - APP/Controller/PaginasController.php, line 47
Cake\Controller\Controller::invokeAction() - CORE/src/Controller/Controller.php, line 609
Cake\Http\ActionDispatcher::_invoke() - CORE/src/Http/ActionDispatcher.php, line 120
Cake\Http\ActionDispatcher::dispatch() - CORE/src/Http/ActionDispatcher.php, line 94
Cake\Http\BaseApplication::__invoke() - CORE/src/Http/BaseApplication.php, line 235
Cake\Http\Runner::__invoke() - CORE/src/Http/Runner.php, line 65
Cake\Http\Runner::__invoke() - CORE/src/Http/Runner.php, line 65
Cake\Http\Middleware\CsrfProtectionMiddleware::__invoke() - CORE/src/Http/Middleware/CsrfProtectionMiddleware.php, line 107
Cake\Http\Runner::__invoke() - CORE/src/Http/Runner.php, line 65
Cake\Http\Runner::run() - CORE/src/Http/Runner.php, line 51
Cake\Routing\Middleware\RoutingMiddleware::__invoke() - CORE/src/Routing/Middleware/RoutingMiddleware.php, line 162
Cake\Http\Runner::__invoke() - CORE/src/Http/Runner.php, line 65
Cake\Routing\Middleware\AssetMiddleware::__invoke() - CORE/src/Routing/Middleware/AssetMiddleware.php, line 88
Cake\Http\Runner::__invoke() - CORE/src/Http/Runner.php, line 65
Cake\Error\Middleware\ErrorHandlerMiddleware::__invoke() - CORE/src/Error/Middleware/ErrorHandlerMiddleware.php, line 98
Cake\Http\Runner::__invoke() - CORE/src/Http/Runner.php, line 65
DebugKit\Middleware\DebugKitMiddleware::__invoke() - ROOT/vendor/cakephp/debug_kit/src/Middleware/DebugKitMiddleware.php, line 53
Cake\Http\Runner::__invoke() - CORE/src/Http/Runner.php, line 65
Cake\Http\Runner::run() - CORE/src/Http/Runner.php, line 51
Cake\Http\Server::run() - CORE/src/Http/Server.php, line 98
[main] - ROOT/webroot/index.php, line 40



2018-11-07 22:43:42 Notice: Notice (8): Undefined variable: cotacao in [/var/www/html/globalsaude/src/Template/Paginas/index.ctp, line 273]
Request URL: /
Referer URL: http://localhost:8080/globalsaude/
Client IP: 127.0.0.1
Trace:
Cake\Error\BaseErrorHandler::handleError() - CORE/src/Error/BaseErrorHandler.php, line 159
Cake\Core\BasePlugin::{closure}() - ROOT/vendor/cakephp/debug_kit/config/bootstrap.php, line 42
include - APP/Template/Paginas/index.ctp, line 273
Cake\View\View::_evaluate() - CORE/src/View/View.php, line 1240
Cake\View\View::_render() - CORE/src/View/View.php, line 1201
Cake\View\View::render() - CORE/src/View/View.php, line 803
Cake\Controller\Controller::render() - CORE/src/Controller/Controller.php, line 790
Cake\Http\ActionDispatcher::_invoke() - CORE/src/Http/ActionDispatcher.php, line 126
Cake\Http\ActionDispatcher::dispatch() - CORE/src/Http/ActionDispatcher.php, line 94
Cake\Http\BaseApplication::__invoke() - CORE/src/Http/BaseApplication.php, line 235
Cake\Http\Runner::__invoke() - CORE/src/Http/Runner.php, line 65
Cake\Http\Runner::__invoke() - CORE/src/Http/Runner.php, line 65
Cake\Http\Middleware\CsrfProtectionMiddleware::__invoke() - CORE/src/Http/Middleware/CsrfProtectionMiddleware.php, line 107
Cake\Http\Runner::__invoke() - CORE/src/Http/Runner.php, line 65
Cake\Http\Runner::run() - CORE/src/Http/Runner.php, line 51
Cake\Routing\Middleware\RoutingMiddleware::__invoke() - CORE/src/Routing/Middleware/RoutingMiddleware.php, line 162
Cake\Http\Runner::__invoke() - CORE/src/Http/Runner.php, line 65
Cake\Routing\Middleware\AssetMiddleware::__invoke() - CORE/src/Routing/Middleware/AssetMiddleware.php, line 88
Cake\Http\Runner::__invoke() - CORE/src/Http/Runner.php, line 65
Cake\Error\Middleware\ErrorHandlerMiddleware::__invoke() - CORE/src/Error/Middleware/ErrorHandlerMiddleware.php, line 98
Cake\Http\Runner::__invoke() - CORE/src/Http/Runner.php, line 65
DebugKit\Middleware\DebugKitMiddleware::__invoke() - ROOT/vendor/cakephp/debug_kit/src/Middleware/DebugKitMiddleware.php, line 53
Cake\Http\Runner::__invoke() - CORE/src/Http/Runner.php, line 65
Cake\Http\Runner::run() - CORE/src/Http/Runner.php, line 51
Cake\Http\Server::run() - CORE/src/Http/Server.php, line 98
[main] - ROOT/webroot/index.php, line 40



2018-11-07 22:44:33 Notice: Notice (8): Undefined variable: cotacao in [/var/www/html/globalsaude/src/Controller/PaginasController.php, line 38]
Request URL: /
Referer URL: http://localhost:8080/globalsaude/
Client IP: 127.0.0.1
Trace:
Cake\Error\BaseErrorHandler::handleError() - CORE/src/Error/BaseErrorHandler.php, line 159
Cake\Core\BasePlugin::{closure}() - ROOT/vendor/cakephp/debug_kit/config/bootstrap.php, line 42
App\Controller\PaginasController::index() - APP/Controller/PaginasController.php, line 38
Cake\Controller\Controller::invokeAction() - CORE/src/Controller/Controller.php, line 609
Cake\Http\ActionDispatcher::_invoke() - CORE/src/Http/ActionDispatcher.php, line 120
Cake\Http\ActionDispatcher::dispatch() - CORE/src/Http/ActionDispatcher.php, line 94
Cake\Http\BaseApplication::__invoke() - CORE/src/Http/BaseApplication.php, line 235
Cake\Http\Runner::__invoke() - CORE/src/Http/Runner.php, line 65
Cake\Http\Runner::__invoke() - CORE/src/Http/Runner.php, line 65
Cake\Http\Middleware\CsrfProtectionMiddleware::__invoke() - CORE/src/Http/Middleware/CsrfProtectionMiddleware.php, line 107
Cake\Http\Runner::__invoke() - CORE/src/Http/Runner.php, line 65
Cake\Http\Runner::run() - CORE/src/Http/Runner.php, line 51
Cake\Routing\Middleware\RoutingMiddleware::__invoke() - CORE/src/Routing/Middleware/RoutingMiddleware.php, line 162
Cake\Http\Runner::__invoke() - CORE/src/Http/Runner.php, line 65
Cake\Routing\Middleware\AssetMiddleware::__invoke() - CORE/src/Routing/Middleware/AssetMiddleware.php, line 88
Cake\Http\Runner::__invoke() - CORE/src/Http/Runner.php, line 65
Cake\Error\Middleware\ErrorHandlerMiddleware::__invoke() - CORE/src/Error/Middleware/ErrorHandlerMiddleware.php, line 98
Cake\Http\Runner::__invoke() - CORE/src/Http/Runner.php, line 65
DebugKit\Middleware\DebugKitMiddleware::__invoke() - ROOT/vendor/cakephp/debug_kit/src/Middleware/DebugKitMiddleware.php, line 53
Cake\Http\Runner::__invoke() - CORE/src/Http/Runner.php, line 65
Cake\Http\Runner::run() - CORE/src/Http/Runner.php, line 51
Cake\Http\Server::run() - CORE/src/Http/Server.php, line 98
[main] - ROOT/webroot/index.php, line 40



2018-11-07 23:17:27 Notice: Notice (8): Undefined variable: error in [/var/www/html/globalsaude/src/Template/Paginas/index.ctp, line 291]
Request URL: /paginas/index
Referer URL: http://localhost:8080/globalsaude/paginas/index
Client IP: 127.0.0.1
Trace:
Cake\Error\BaseErrorHandler::handleError() - CORE/src/Error/BaseErrorHandler.php, line 159
Cake\Core\BasePlugin::{closure}() - ROOT/vendor/cakephp/debug_kit/config/bootstrap.php, line 42
include - APP/Template/Paginas/index.ctp, line 291
Cake\View\View::_evaluate() - CORE/src/View/View.php, line 1240
Cake\View\View::_render() - CORE/src/View/View.php, line 1201
Cake\View\View::render() - CORE/src/View/View.php, line 803
Cake\Controller\Controller::render() - CORE/src/Controller/Controller.php, line 790
Cake\Http\ActionDispatcher::_invoke() - CORE/src/Http/ActionDispatcher.php, line 126
Cake\Http\ActionDispatcher::dispatch() - CORE/src/Http/ActionDispatcher.php, line 94
Cake\Http\BaseApplication::__invoke() - CORE/src/Http/BaseApplication.php, line 235
Cake\Http\Runner::__invoke() - CORE/src/Http/Runner.php, line 65
Cake\Http\Runner::__invoke() - CORE/src/Http/Runner.php, line 65
Cake\Http\Middleware\CsrfProtectionMiddleware::__invoke() - CORE/src/Http/Middleware/CsrfProtectionMiddleware.php, line 107
Cake\Http\Runner::__invoke() - CORE/src/Http/Runner.php, line 65
Cake\Http\Runner::run() - CORE/src/Http/Runner.php, line 51
Cake\Routing\Middleware\RoutingMiddleware::__invoke() - CORE/src/Routing/Middleware/RoutingMiddleware.php, line 162
Cake\Http\Runner::__invoke() - CORE/src/Http/Runner.php, line 65
Cake\Routing\Middleware\AssetMiddleware::__invoke() - CORE/src/Routing/Middleware/AssetMiddleware.php, line 88
Cake\Http\Runner::__invoke() - CORE/src/Http/Runner.php, line 65
Cake\Error\Middleware\ErrorHandlerMiddleware::__invoke() - CORE/src/Error/Middleware/ErrorHandlerMiddleware.php, line 98
Cake\Http\Runner::__invoke() - CORE/src/Http/Runner.php, line 65
DebugKit\Middleware\DebugKitMiddleware::__invoke() - ROOT/vendor/cakephp/debug_kit/src/Middleware/DebugKitMiddleware.php, line 53
Cake\Http\Runner::__invoke() - CORE/src/Http/Runner.php, line 65
Cake\Http\Runner::run() - CORE/src/Http/Runner.php, line 51
Cake\Http\Server::run() - CORE/src/Http/Server.php, line 98
[main] - ROOT/webroot/index.php, line 40



2018-11-07 23:42:40 Notice: Notice (8): Array to string conversion in [/var/www/html/globalsaude/src/View/Helper/PaginasHelper.php, line 23]
Request URL: /paginas/index
Referer URL: http://localhost:8080/globalsaude/paginas/index
Client IP: 127.0.0.1
Trace:
Cake\Error\BaseErrorHandler::handleError() - CORE/src/Error/BaseErrorHandler.php, line 159
Cake\Core\BasePlugin::{closure}() - ROOT/vendor/cakephp/debug_kit/config/bootstrap.php, line 42
App\View\Helper\PaginasHelper::mensErroValidate() - APP/View/Helper/PaginasHelper.php, line 23
include - APP/Template/Paginas/index.ctp, line 294
Cake\View\View::_evaluate() - CORE/src/View/View.php, line 1240
Cake\View\View::_render() - CORE/src/View/View.php, line 1201
Cake\View\View::render() - CORE/src/View/View.php, line 803
Cake\Controller\Controller::render() - CORE/src/Controller/Controller.php, line 790
Cake\Http\ActionDispatcher::_invoke() - CORE/src/Http/ActionDispatcher.php, line 126
Cake\Http\ActionDispatcher::dispatch() - CORE/src/Http/ActionDispatcher.php, line 94
Cake\Http\BaseApplication::__invoke() - CORE/src/Http/BaseApplication.php, line 235
Cake\Http\Runner::__invoke() - CORE/src/Http/Runner.php, line 65
Cake\Http\Runner::__invoke() - CORE/src/Http/Runner.php, line 65
Cake\Http\Middleware\CsrfProtectionMiddleware::__invoke() - CORE/src/Http/Middleware/CsrfProtectionMiddleware.php, line 107
Cake\Http\Runner::__invoke() - CORE/src/Http/Runner.php, line 65
Cake\Http\Runner::run() - CORE/src/Http/Runner.php, line 51
Cake\Routing\Middleware\RoutingMiddleware::__invoke() - CORE/src/Routing/Middleware/RoutingMiddleware.php, line 162
Cake\Http\Runner::__invoke() - CORE/src/Http/Runner.php, line 65
Cake\Routing\Middleware\AssetMiddleware::__invoke() - CORE/src/Routing/Middleware/AssetMiddleware.php, line 88
Cake\Http\Runner::__invoke() - CORE/src/Http/Runner.php, line 65
Cake\Error\Middleware\ErrorHandlerMiddleware::__invoke() - CORE/src/Error/Middleware/ErrorHandlerMiddleware.php, line 98
Cake\Http\Runner::__invoke() - CORE/src/Http/Runner.php, line 65
DebugKit\Middleware\DebugKitMiddleware::__invoke() - ROOT/vendor/cakephp/debug_kit/src/Middleware/DebugKitMiddleware.php, line 53
Cake\Http\Runner::__invoke() - CORE/src/Http/Runner.php, line 65
Cake\Http\Runner::run() - CORE/src/Http/Runner.php, line 51
Cake\Http\Server::run() - CORE/src/Http/Server.php, line 98
[main] - ROOT/webroot/index.php, line 40



2018-11-07 23:42:59 Notice: Notice (8): Array to string conversion in [/var/www/html/globalsaude/src/View/Helper/PaginasHelper.php, line 23]
Request URL: /paginas/index
Referer URL: http://localhost:8080/globalsaude/paginas/index
Client IP: 127.0.0.1
Trace:
Cake\Error\BaseErrorHandler::handleError() - CORE/src/Error/BaseErrorHandler.php, line 159
Cake\Core\BasePlugin::{closure}() - ROOT/vendor/cakephp/debug_kit/config/bootstrap.php, line 42
App\View\Helper\PaginasHelper::mensErroValidate() - APP/View/Helper/PaginasHelper.php, line 23
include - APP/Template/Paginas/index.ctp, line 294
Cake\View\View::_evaluate() - CORE/src/View/View.php, line 1240
Cake\View\View::_render() - CORE/src/View/View.php, line 1201
Cake\View\View::render() - CORE/src/View/View.php, line 803
Cake\Controller\Controller::render() - CORE/src/Controller/Controller.php, line 790
Cake\Http\ActionDispatcher::_invoke() - CORE/src/Http/ActionDispatcher.php, line 126
Cake\Http\ActionDispatcher::dispatch() - CORE/src/Http/ActionDispatcher.php, line 94
Cake\Http\BaseApplication::__invoke() - CORE/src/Http/BaseApplication.php, line 235
Cake\Http\Runner::__invoke() - CORE/src/Http/Runner.php, line 65
Cake\Http\Runner::__invoke() - CORE/src/Http/Runner.php, line 65
Cake\Http\Middleware\CsrfProtectionMiddleware::__invoke() - CORE/src/Http/Middleware/CsrfProtectionMiddleware.php, line 107
Cake\Http\Runner::__invoke() - CORE/src/Http/Runner.php, line 65
Cake\Http\Runner::run() - CORE/src/Http/Runner.php, line 51
Cake\Routing\Middleware\RoutingMiddleware::__invoke() - CORE/src/Routing/Middleware/RoutingMiddleware.php, line 162
Cake\Http\Runner::__invoke() - CORE/src/Http/Runner.php, line 65
Cake\Routing\Middleware\AssetMiddleware::__invoke() - CORE/src/Routing/Middleware/AssetMiddleware.php, line 88
Cake\Http\Runner::__invoke() - CORE/src/Http/Runner.php, line 65
Cake\Error\Middleware\ErrorHandlerMiddleware::__invoke() - CORE/src/Error/Middleware/ErrorHandlerMiddleware.php, line 98
Cake\Http\Runner::__invoke() - CORE/src/Http/Runner.php, line 65
DebugKit\Middleware\DebugKitMiddleware::__invoke() - ROOT/vendor/cakephp/debug_kit/src/Middleware/DebugKitMiddleware.php, line 53
Cake\Http\Runner::__invoke() - CORE/src/Http/Runner.php, line 65
Cake\Http\Runner::run() - CORE/src/Http/Runner.php, line 51
Cake\Http\Server::run() - CORE/src/Http/Server.php, line 98
[main] - ROOT/webroot/index.php, line 40



2018-11-07 23:45:20 Notice: Notice (8): Array to string conversion in [/var/www/html/globalsaude/src/View/Helper/PaginasFuncoesHelper.php, line 23]
Request URL: /paginas/index
Referer URL: http://localhost:8080/globalsaude/paginas/index
Client IP: 127.0.0.1
Trace:
Cake\Error\BaseErrorHandler::handleError() - CORE/src/Error/BaseErrorHandler.php, line 159
Cake\Core\BasePlugin::{closure}() - ROOT/vendor/cakephp/debug_kit/config/bootstrap.php, line 42
App\View\Helper\PaginasFuncoesHelper::mensErroValidate() - APP/View/Helper/PaginasFuncoesHelper.php, line 23
include - APP/Template/Paginas/index.ctp, line 294
Cake\View\View::_evaluate() - CORE/src/View/View.php, line 1240
Cake\View\View::_render() - CORE/src/View/View.php, line 1201
Cake\View\View::render() - CORE/src/View/View.php, line 803
Cake\Controller\Controller::render() - CORE/src/Controller/Controller.php, line 790
Cake\Http\ActionDispatcher::_invoke() - CORE/src/Http/ActionDispatcher.php, line 126
Cake\Http\ActionDispatcher::dispatch() - CORE/src/Http/ActionDispatcher.php, line 94
Cake\Http\BaseApplication::__invoke() - CORE/src/Http/BaseApplication.php, line 235
Cake\Http\Runner::__invoke() - CORE/src/Http/Runner.php, line 65
Cake\Http\Runner::__invoke() - CORE/src/Http/Runner.php, line 65
Cake\Http\Middleware\CsrfProtectionMiddleware::__invoke() - CORE/src/Http/Middleware/CsrfProtectionMiddleware.php, line 107
Cake\Http\Runner::__invoke() - CORE/src/Http/Runner.php, line 65
Cake\Http\Runner::run() - CORE/src/Http/Runner.php, line 51
Cake\Routing\Middleware\RoutingMiddleware::__invoke() - CORE/src/Routing/Middleware/RoutingMiddleware.php, line 162
Cake\Http\Runner::__invoke() - CORE/src/Http/Runner.php, line 65
Cake\Routing\Middleware\AssetMiddleware::__invoke() - CORE/src/Routing/Middleware/AssetMiddleware.php, line 88
Cake\Http\Runner::__invoke() - CORE/src/Http/Runner.php, line 65
Cake\Error\Middleware\ErrorHandlerMiddleware::__invoke() - CORE/src/Error/Middleware/ErrorHandlerMiddleware.php, line 98
Cake\Http\Runner::__invoke() - CORE/src/Http/Runner.php, line 65
DebugKit\Middleware\DebugKitMiddleware::__invoke() - ROOT/vendor/cakephp/debug_kit/src/Middleware/DebugKitMiddleware.php, line 53
Cake\Http\Runner::__invoke() - CORE/src/Http/Runner.php, line 65
Cake\Http\Runner::run() - CORE/src/Http/Runner.php, line 51
Cake\Http\Server::run() - CORE/src/Http/Server.php, line 98
[main] - ROOT/webroot/index.php, line 40



2018-11-08 00:40:34 Notice: Notice (8): Undefined variable: erros in [/var/www/html/globalsaude/src/Template/Paginas/index.ctp, line 292]
Request URL: /
Client IP: 127.0.0.1
Trace:
Cake\Error\BaseErrorHandler::handleError() - CORE/src/Error/BaseErrorHandler.php, line 159
Cake\Core\BasePlugin::{closure}() - ROOT/vendor/cakephp/debug_kit/config/bootstrap.php, line 42
include - APP/Template/Paginas/index.ctp, line 292
Cake\View\View::_evaluate() - CORE/src/View/View.php, line 1240
Cake\View\View::_render() - CORE/src/View/View.php, line 1201
Cake\View\View::render() - CORE/src/View/View.php, line 803
Cake\Controller\Controller::render() - CORE/src/Controller/Controller.php, line 790
Cake\Http\ActionDispatcher::_invoke() - CORE/src/Http/ActionDispatcher.php, line 126
Cake\Http\ActionDispatcher::dispatch() - CORE/src/Http/ActionDispatcher.php, line 94
Cake\Http\BaseApplication::__invoke() - CORE/src/Http/BaseApplication.php, line 235
Cake\Http\Runner::__invoke() - CORE/src/Http/Runner.php, line 65
Cake\Http\Runner::__invoke() - CORE/src/Http/Runner.php, line 65
Cake\Http\Middleware\CsrfProtectionMiddleware::__invoke() - CORE/src/Http/Middleware/CsrfProtectionMiddleware.php, line 107
Cake\Http\Runner::__invoke() - CORE/src/Http/Runner.php, line 65
Cake\Http\Runner::run() - CORE/src/Http/Runner.php, line 51
Cake\Routing\Middleware\RoutingMiddleware::__invoke() - CORE/src/Routing/Middleware/RoutingMiddleware.php, line 162
Cake\Http\Runner::__invoke() - CORE/src/Http/Runner.php, line 65
Cake\Routing\Middleware\AssetMiddleware::__invoke() - CORE/src/Routing/Middleware/AssetMiddleware.php, line 88
Cake\Http\Runner::__invoke() - CORE/src/Http/Runner.php, line 65
Cake\Error\Middleware\ErrorHandlerMiddleware::__invoke() - CORE/src/Error/Middleware/ErrorHandlerMiddleware.php, line 98
Cake\Http\Runner::__invoke() - CORE/src/Http/Runner.php, line 65
DebugKit\Middleware\DebugKitMiddleware::__invoke() - ROOT/vendor/cakephp/debug_kit/src/Middleware/DebugKitMiddleware.php, line 53
Cake\Http\Runner::__invoke() - CORE/src/Http/Runner.php, line 65
Cake\Http\Runner::run() - CORE/src/Http/Runner.php, line 51
Cake\Http\Server::run() - CORE/src/Http/Server.php, line 98
[main] - ROOT/webroot/index.php, line 40



2018-11-08 00:40:34 Notice: Notice (8): Undefined variable: erros in [/var/www/html/globalsaude/src/Template/Paginas/index.ctp, line 307]
Request URL: /
Client IP: 127.0.0.1
Trace:
Cake\Error\BaseErrorHandler::handleError() - CORE/src/Error/BaseErrorHandler.php, line 159
Cake\Core\BasePlugin::{closure}() - ROOT/vendor/cakephp/debug_kit/config/bootstrap.php, line 42
include - APP/Template/Paginas/index.ctp, line 307
Cake\View\View::_evaluate() - CORE/src/View/View.php, line 1240
Cake\View\View::_render() - CORE/src/View/View.php, line 1201
Cake\View\View::render() - CORE/src/View/View.php, line 803
Cake\Controller\Controller::render() - CORE/src/Controller/Controller.php, line 790
Cake\Http\ActionDispatcher::_invoke() - CORE/src/Http/ActionDispatcher.php, line 126
Cake\Http\ActionDispatcher::dispatch() - CORE/src/Http/ActionDispatcher.php, line 94
Cake\Http\BaseApplication::__invoke() - CORE/src/Http/BaseApplication.php, line 235
Cake\Http\Runner::__invoke() - CORE/src/Http/Runner.php, line 65
Cake\Http\Runner::__invoke() - CORE/src/Http/Runner.php, line 65
Cake\Http\Middleware\CsrfProtectionMiddleware::__invoke() - CORE/src/Http/Middleware/CsrfProtectionMiddleware.php, line 107
Cake\Http\Runner::__invoke() - CORE/src/Http/Runner.php, line 65
Cake\Http\Runner::run() - CORE/src/Http/Runner.php, line 51
Cake\Routing\Middleware\RoutingMiddleware::__invoke() - CORE/src/Routing/Middleware/RoutingMiddleware.php, line 162
Cake\Http\Runner::__invoke() - CORE/src/Http/Runner.php, line 65
Cake\Routing\Middleware\AssetMiddleware::__invoke() - CORE/src/Routing/Middleware/AssetMiddleware.php, line 88
Cake\Http\Runner::__invoke() - CORE/src/Http/Runner.php, line 65
Cake\Error\Middleware\ErrorHandlerMiddleware::__invoke() - CORE/src/Error/Middleware/ErrorHandlerMiddleware.php, line 98
Cake\Http\Runner::__invoke() - CORE/src/Http/Runner.php, line 65
DebugKit\Middleware\DebugKitMiddleware::__invoke() - ROOT/vendor/cakephp/debug_kit/src/Middleware/DebugKitMiddleware.php, line 53
Cake\Http\Runner::__invoke() - CORE/src/Http/Runner.php, line 65
Cake\Http\Runner::run() - CORE/src/Http/Runner.php, line 51
Cake\Http\Server::run() - CORE/src/Http/Server.php, line 98
[main] - ROOT/webroot/index.php, line 40



2018-11-08 00:40:34 Notice: Notice (8): Undefined variable: erros in [/var/www/html/globalsaude/src/Template/Paginas/index.ctp, line 322]
Request URL: /
Client IP: 127.0.0.1
Trace:
Cake\Error\BaseErrorHandler::handleError() - CORE/src/Error/BaseErrorHandler.php, line 159
Cake\Core\BasePlugin::{closure}() - ROOT/vendor/cakephp/debug_kit/config/bootstrap.php, line 42
include - APP/Template/Paginas/index.ctp, line 322
Cake\View\View::_evaluate() - CORE/src/View/View.php, line 1240
Cake\View\View::_render() - CORE/src/View/View.php, line 1201
Cake\View\View::render() - CORE/src/View/View.php, line 803
Cake\Controller\Controller::render() - CORE/src/Controller/Controller.php, line 790
Cake\Http\ActionDispatcher::_invoke() - CORE/src/Http/ActionDispatcher.php, line 126
Cake\Http\ActionDispatcher::dispatch() - CORE/src/Http/ActionDispatcher.php, line 94
Cake\Http\BaseApplication::__invoke() - CORE/src/Http/BaseApplication.php, line 235
Cake\Http\Runner::__invoke() - CORE/src/Http/Runner.php, line 65
Cake\Http\Runner::__invoke() - CORE/src/Http/Runner.php, line 65
Cake\Http\Middleware\CsrfProtectionMiddleware::__invoke() - CORE/src/Http/Middleware/CsrfProtectionMiddleware.php, line 107
Cake\Http\Runner::__invoke() - CORE/src/Http/Runner.php, line 65
Cake\Http\Runner::run() - CORE/src/Http/Runner.php, line 51
Cake\Routing\Middleware\RoutingMiddleware::__invoke() - CORE/src/Routing/Middleware/RoutingMiddleware.php, line 162
Cake\Http\Runner::__invoke() - CORE/src/Http/Runner.php, line 65
Cake\Routing\Middleware\AssetMiddleware::__invoke() - CORE/src/Routing/Middleware/AssetMiddleware.php, line 88
Cake\Http\Runner::__invoke() - CORE/src/Http/Runner.php, line 65
Cake\Error\Middleware\ErrorHandlerMiddleware::__invoke() - CORE/src/Error/Middleware/ErrorHandlerMiddleware.php, line 98
Cake\Http\Runner::__invoke() - CORE/src/Http/Runner.php, line 65
DebugKit\Middleware\DebugKitMiddleware::__invoke() - ROOT/vendor/cakephp/debug_kit/src/Middleware/DebugKitMiddleware.php, line 53
Cake\Http\Runner::__invoke() - CORE/src/Http/Runner.php, line 65
Cake\Http\Runner::run() - CORE/src/Http/Runner.php, line 51
Cake\Http\Server::run() - CORE/src/Http/Server.php, line 98
[main] - ROOT/webroot/index.php, line 40



2018-11-08 00:40:34 Notice: Notice (8): Undefined variable: erros in [/var/www/html/globalsaude/src/Template/Paginas/index.ctp, line 334]
Request URL: /
Client IP: 127.0.0.1
Trace:
Cake\Error\BaseErrorHandler::handleError() - CORE/src/Error/BaseErrorHandler.php, line 159
Cake\Core\BasePlugin::{closure}() - ROOT/vendor/cakephp/debug_kit/config/bootstrap.php, line 42
include - APP/Template/Paginas/index.ctp, line 334
Cake\View\View::_evaluate() - CORE/src/View/View.php, line 1240
Cake\View\View::_render() - CORE/src/View/View.php, line 1201
Cake\View\View::render() - CORE/src/View/View.php, line 803
Cake\Controller\Controller::render() - CORE/src/Controller/Controller.php, line 790
Cake\Http\ActionDispatcher::_invoke() - CORE/src/Http/ActionDispatcher.php, line 126
Cake\Http\ActionDispatcher::dispatch() - CORE/src/Http/ActionDispatcher.php, line 94
Cake\Http\BaseApplication::__invoke() - CORE/src/Http/BaseApplication.php, line 235
Cake\Http\Runner::__invoke() - CORE/src/Http/Runner.php, line 65
Cake\Http\Runner::__invoke() - CORE/src/Http/Runner.php, line 65
Cake\Http\Middleware\CsrfProtectionMiddleware::__invoke() - CORE/src/Http/Middleware/CsrfProtectionMiddleware.php, line 107
Cake\Http\Runner::__invoke() - CORE/src/Http/Runner.php, line 65
Cake\Http\Runner::run() - CORE/src/Http/Runner.php, line 51
Cake\Routing\Middleware\RoutingMiddleware::__invoke() - CORE/src/Routing/Middleware/RoutingMiddleware.php, line 162
Cake\Http\Runner::__invoke() - CORE/src/Http/Runner.php, line 65
Cake\Routing\Middleware\AssetMiddleware::__invoke() - CORE/src/Routing/Middleware/AssetMiddleware.php, line 88
Cake\Http\Runner::__invoke() - CORE/src/Http/Runner.php, line 65
Cake\Error\Middleware\ErrorHandlerMiddleware::__invoke() - CORE/src/Error/Middleware/ErrorHandlerMiddleware.php, line 98
Cake\Http\Runner::__invoke() - CORE/src/Http/Runner.php, line 65
DebugKit\Middleware\DebugKitMiddleware::__invoke() - ROOT/vendor/cakephp/debug_kit/src/Middleware/DebugKitMiddleware.php, line 53
Cake\Http\Runner::__invoke() - CORE/src/Http/Runner.php, line 65
Cake\Http\Runner::run() - CORE/src/Http/Runner.php, line 51
Cake\Http\Server::run() - CORE/src/Http/Server.php, line 98
[main] - ROOT/webroot/index.php, line 40



2018-11-08 00:40:34 Notice: Notice (8): Undefined variable: erros in [/var/www/html/globalsaude/src/Template/Paginas/index.ctp, line 355]
Request URL: /
Client IP: 127.0.0.1
Trace:
Cake\Error\BaseErrorHandler::handleError() - CORE/src/Error/BaseErrorHandler.php, line 159
Cake\Core\BasePlugin::{closure}() - ROOT/vendor/cakephp/debug_kit/config/bootstrap.php, line 42
include - APP/Template/Paginas/index.ctp, line 355
Cake\View\View::_evaluate() - CORE/src/View/View.php, line 1240
Cake\View\View::_render() - CORE/src/View/View.php, line 1201
Cake\View\View::render() - CORE/src/View/View.php, line 803
Cake\Controller\Controller::render() - CORE/src/Controller/Controller.php, line 790
Cake\Http\ActionDispatcher::_invoke() - CORE/src/Http/ActionDispatcher.php, line 126
Cake\Http\ActionDispatcher::dispatch() - CORE/src/Http/ActionDispatcher.php, line 94
Cake\Http\BaseApplication::__invoke() - CORE/src/Http/BaseApplication.php, line 235
Cake\Http\Runner::__invoke() - CORE/src/Http/Runner.php, line 65
Cake\Http\Runner::__invoke() - CORE/src/Http/Runner.php, line 65
Cake\Http\Middleware\CsrfProtectionMiddleware::__invoke() - CORE/src/Http/Middleware/CsrfProtectionMiddleware.php, line 107
Cake\Http\Runner::__invoke() - CORE/src/Http/Runner.php, line 65
Cake\Http\Runner::run() - CORE/src/Http/Runner.php, line 51
Cake\Routing\Middleware\RoutingMiddleware::__invoke() - CORE/src/Routing/Middleware/RoutingMiddleware.php, line 162
Cake\Http\Runner::__invoke() - CORE/src/Http/Runner.php, line 65
Cake\Routing\Middleware\AssetMiddleware::__invoke() - CORE/src/Routing/Middleware/AssetMiddleware.php, line 88
Cake\Http\Runner::__invoke() - CORE/src/Http/Runner.php, line 65
Cake\Error\Middleware\ErrorHandlerMiddleware::__invoke() - CORE/src/Error/Middleware/ErrorHandlerMiddleware.php, line 98
Cake\Http\Runner::__invoke() - CORE/src/Http/Runner.php, line 65
DebugKit\Middleware\DebugKitMiddleware::__invoke() - ROOT/vendor/cakephp/debug_kit/src/Middleware/DebugKitMiddleware.php, line 53
Cake\Http\Runner::__invoke() - CORE/src/Http/Runner.php, line 65
Cake\Http\Runner::run() - CORE/src/Http/Runner.php, line 51
Cake\Http\Server::run() - CORE/src/Http/Server.php, line 98
[main] - ROOT/webroot/index.php, line 40



2018-11-08 00:41:16 Notice: Notice (8): Undefined variable: erros in [/var/www/html/globalsaude/src/Template/Paginas/index.ctp, line 291]
Request URL: /
Client IP: 127.0.0.1
Trace:
Cake\Error\BaseErrorHandler::handleError() - CORE/src/Error/BaseErrorHandler.php, line 159
Cake\Core\BasePlugin::{closure}() - ROOT/vendor/cakephp/debug_kit/config/bootstrap.php, line 42
include - APP/Template/Paginas/index.ctp, line 291
Cake\View\View::_evaluate() - CORE/src/View/View.php, line 1240
Cake\View\View::_render() - CORE/src/View/View.php, line 1201
Cake\View\View::render() - CORE/src/View/View.php, line 803
Cake\Controller\Controller::render() - CORE/src/Controller/Controller.php, line 790
Cake\Http\ActionDispatcher::_invoke() - CORE/src/Http/ActionDispatcher.php, line 126
Cake\Http\ActionDispatcher::dispatch() - CORE/src/Http/ActionDispatcher.php, line 94
Cake\Http\BaseApplication::__invoke() - CORE/src/Http/BaseApplication.php, line 235
Cake\Http\Runner::__invoke() - CORE/src/Http/Runner.php, line 65
Cake\Http\Runner::__invoke() - CORE/src/Http/Runner.php, line 65
Cake\Http\Middleware\CsrfProtectionMiddleware::__invoke() - CORE/src/Http/Middleware/CsrfProtectionMiddleware.php, line 107
Cake\Http\Runner::__invoke() - CORE/src/Http/Runner.php, line 65
Cake\Http\Runner::run() - CORE/src/Http/Runner.php, line 51
Cake\Routing\Middleware\RoutingMiddleware::__invoke() - CORE/src/Routing/Middleware/RoutingMiddleware.php, line 162
Cake\Http\Runner::__invoke() - CORE/src/Http/Runner.php, line 65
Cake\Routing\Middleware\AssetMiddleware::__invoke() - CORE/src/Routing/Middleware/AssetMiddleware.php, line 88
Cake\Http\Runner::__invoke() - CORE/src/Http/Runner.php, line 65
Cake\Error\Middleware\ErrorHandlerMiddleware::__invoke() - CORE/src/Error/Middleware/ErrorHandlerMiddleware.php, line 98
Cake\Http\Runner::__invoke() - CORE/src/Http/Runner.php, line 65
DebugKit\Middleware\DebugKitMiddleware::__invoke() - ROOT/vendor/cakephp/debug_kit/src/Middleware/DebugKitMiddleware.php, line 53
Cake\Http\Runner::__invoke() - CORE/src/Http/Runner.php, line 65
Cake\Http\Runner::run() - CORE/src/Http/Runner.php, line 51
Cake\Http\Server::run() - CORE/src/Http/Server.php, line 98
[main] - ROOT/webroot/index.php, line 40



2018-11-08 00:41:16 Notice: Notice (8): Undefined variable: erros in [/var/www/html/globalsaude/src/Template/Paginas/index.ctp, line 306]
Request URL: /
Client IP: 127.0.0.1
Trace:
Cake\Error\BaseErrorHandler::handleError() - CORE/src/Error/BaseErrorHandler.php, line 159
Cake\Core\BasePlugin::{closure}() - ROOT/vendor/cakephp/debug_kit/config/bootstrap.php, line 42
include - APP/Template/Paginas/index.ctp, line 306
Cake\View\View::_evaluate() - CORE/src/View/View.php, line 1240
Cake\View\View::_render() - CORE/src/View/View.php, line 1201
Cake\View\View::render() - CORE/src/View/View.php, line 803
Cake\Controller\Controller::render() - CORE/src/Controller/Controller.php, line 790
Cake\Http\ActionDispatcher::_invoke() - CORE/src/Http/ActionDispatcher.php, line 126
Cake\Http\ActionDispatcher::dispatch() - CORE/src/Http/ActionDispatcher.php, line 94
Cake\Http\BaseApplication::__invoke() - CORE/src/Http/BaseApplication.php, line 235
Cake\Http\Runner::__invoke() - CORE/src/Http/Runner.php, line 65
Cake\Http\Runner::__invoke() - CORE/src/Http/Runner.php, line 65
Cake\Http\Middleware\CsrfProtectionMiddleware::__invoke() - CORE/src/Http/Middleware/CsrfProtectionMiddleware.php, line 107
Cake\Http\Runner::__invoke() - CORE/src/Http/Runner.php, line 65
Cake\Http\Runner::run() - CORE/src/Http/Runner.php, line 51
Cake\Routing\Middleware\RoutingMiddleware::__invoke() - CORE/src/Routing/Middleware/RoutingMiddleware.php, line 162
Cake\Http\Runner::__invoke() - CORE/src/Http/Runner.php, line 65
Cake\Routing\Middleware\AssetMiddleware::__invoke() - CORE/src/Routing/Middleware/AssetMiddleware.php, line 88
Cake\Http\Runner::__invoke() - CORE/src/Http/Runner.php, line 65
Cake\Error\Middleware\ErrorHandlerMiddleware::__invoke() - CORE/src/Error/Middleware/ErrorHandlerMiddleware.php, line 98
Cake\Http\Runner::__invoke() - CORE/src/Http/Runner.php, line 65
DebugKit\Middleware\DebugKitMiddleware::__invoke() - ROOT/vendor/cakephp/debug_kit/src/Middleware/DebugKitMiddleware.php, line 53
Cake\Http\Runner::__invoke() - CORE/src/Http/Runner.php, line 65
Cake\Http\Runner::run() - CORE/src/Http/Runner.php, line 51
Cake\Http\Server::run() - CORE/src/Http/Server.php, line 98
[main] - ROOT/webroot/index.php, line 40



2018-11-08 00:41:16 Notice: Notice (8): Undefined variable: erros in [/var/www/html/globalsaude/src/Template/Paginas/index.ctp, line 321]
Request URL: /
Client IP: 127.0.0.1
Trace:
Cake\Error\BaseErrorHandler::handleError() - CORE/src/Error/BaseErrorHandler.php, line 159
Cake\Core\BasePlugin::{closure}() - ROOT/vendor/cakephp/debug_kit/config/bootstrap.php, line 42
include - APP/Template/Paginas/index.ctp, line 321
Cake\View\View::_evaluate() - CORE/src/View/View.php, line 1240
Cake\View\View::_render() - CORE/src/View/View.php, line 1201
Cake\View\View::render() - CORE/src/View/View.php, line 803
Cake\Controller\Controller::render() - CORE/src/Controller/Controller.php, line 790
Cake\Http\ActionDispatcher::_invoke() - CORE/src/Http/ActionDispatcher.php, line 126
Cake\Http\ActionDispatcher::dispatch() - CORE/src/Http/ActionDispatcher.php, line 94
Cake\Http\BaseApplication::__invoke() - CORE/src/Http/BaseApplication.php, line 235
Cake\Http\Runner::__invoke() - CORE/src/Http/Runner.php, line 65
Cake\Http\Runner::__invoke() - CORE/src/Http/Runner.php, line 65
Cake\Http\Middleware\CsrfProtectionMiddleware::__invoke() - CORE/src/Http/Middleware/CsrfProtectionMiddleware.php, line 107
Cake\Http\Runner::__invoke() - CORE/src/Http/Runner.php, line 65
Cake\Http\Runner::run() - CORE/src/Http/Runner.php, line 51
Cake\Routing\Middleware\RoutingMiddleware::__invoke() - CORE/src/Routing/Middleware/RoutingMiddleware.php, line 162
Cake\Http\Runner::__invoke() - CORE/src/Http/Runner.php, line 65
Cake\Routing\Middleware\AssetMiddleware::__invoke() - CORE/src/Routing/Middleware/AssetMiddleware.php, line 88
Cake\Http\Runner::__invoke() - CORE/src/Http/Runner.php, line 65
Cake\Error\Middleware\ErrorHandlerMiddleware::__invoke() - CORE/src/Error/Middleware/ErrorHandlerMiddleware.php, line 98
Cake\Http\Runner::__invoke() - CORE/src/Http/Runner.php, line 65
DebugKit\Middleware\DebugKitMiddleware::__invoke() - ROOT/vendor/cakephp/debug_kit/src/Middleware/DebugKitMiddleware.php, line 53
Cake\Http\Runner::__invoke() - CORE/src/Http/Runner.php, line 65
Cake\Http\Runner::run() - CORE/src/Http/Runner.php, line 51
Cake\Http\Server::run() - CORE/src/Http/Server.php, line 98
[main] - ROOT/webroot/index.php, line 40



2018-11-08 00:41:16 Notice: Notice (8): Undefined variable: erros in [/var/www/html/globalsaude/src/Template/Paginas/index.ctp, line 333]
Request URL: /
Client IP: 127.0.0.1
Trace:
Cake\Error\BaseErrorHandler::handleError() - CORE/src/Error/BaseErrorHandler.php, line 159
Cake\Core\BasePlugin::{closure}() - ROOT/vendor/cakephp/debug_kit/config/bootstrap.php, line 42
include - APP/Template/Paginas/index.ctp, line 333
Cake\View\View::_evaluate() - CORE/src/View/View.php, line 1240
Cake\View\View::_render() - CORE/src/View/View.php, line 1201
Cake\View\View::render() - CORE/src/View/View.php, line 803
Cake\Controller\Controller::render() - CORE/src/Controller/Controller.php, line 790
Cake\Http\ActionDispatcher::_invoke() - CORE/src/Http/ActionDispatcher.php, line 126
Cake\Http\ActionDispatcher::dispatch() - CORE/src/Http/ActionDispatcher.php, line 94
Cake\Http\BaseApplication::__invoke() - CORE/src/Http/BaseApplication.php, line 235
Cake\Http\Runner::__invoke() - CORE/src/Http/Runner.php, line 65
Cake\Http\Runner::__invoke() - CORE/src/Http/Runner.php, line 65
Cake\Http\Middleware\CsrfProtectionMiddleware::__invoke() - CORE/src/Http/Middleware/CsrfProtectionMiddleware.php, line 107
Cake\Http\Runner::__invoke() - CORE/src/Http/Runner.php, line 65
Cake\Http\Runner::run() - CORE/src/Http/Runner.php, line 51
Cake\Routing\Middleware\RoutingMiddleware::__invoke() - CORE/src/Routing/Middleware/RoutingMiddleware.php, line 162
Cake\Http\Runner::__invoke() - CORE/src/Http/Runner.php, line 65
Cake\Routing\Middleware\AssetMiddleware::__invoke() - CORE/src/Routing/Middleware/AssetMiddleware.php, line 88
Cake\Http\Runner::__invoke() - CORE/src/Http/Runner.php, line 65
Cake\Error\Middleware\ErrorHandlerMiddleware::__invoke() - CORE/src/Error/Middleware/ErrorHandlerMiddleware.php, line 98
Cake\Http\Runner::__invoke() - CORE/src/Http/Runner.php, line 65
DebugKit\Middleware\DebugKitMiddleware::__invoke() - ROOT/vendor/cakephp/debug_kit/src/Middleware/DebugKitMiddleware.php, line 53
Cake\Http\Runner::__invoke() - CORE/src/Http/Runner.php, line 65
Cake\Http\Runner::run() - CORE/src/Http/Runner.php, line 51
Cake\Http\Server::run() - CORE/src/Http/Server.php, line 98
[main] - ROOT/webroot/index.php, line 40



2018-11-08 00:41:16 Notice: Notice (8): Undefined variable: erros in [/var/www/html/globalsaude/src/Template/Paginas/index.ctp, line 354]
Request URL: /
Client IP: 127.0.0.1
Trace:
Cake\Error\BaseErrorHandler::handleError() - CORE/src/Error/BaseErrorHandler.php, line 159
Cake\Core\BasePlugin::{closure}() - ROOT/vendor/cakephp/debug_kit/config/bootstrap.php, line 42
include - APP/Template/Paginas/index.ctp, line 354
Cake\View\View::_evaluate() - CORE/src/View/View.php, line 1240
Cake\View\View::_render() - CORE/src/View/View.php, line 1201
Cake\View\View::render() - CORE/src/View/View.php, line 803
Cake\Controller\Controller::render() - CORE/src/Controller/Controller.php, line 790
Cake\Http\ActionDispatcher::_invoke() - CORE/src/Http/ActionDispatcher.php, line 126
Cake\Http\ActionDispatcher::dispatch() - CORE/src/Http/ActionDispatcher.php, line 94
Cake\Http\BaseApplication::__invoke() - CORE/src/Http/BaseApplication.php, line 235
Cake\Http\Runner::__invoke() - CORE/src/Http/Runner.php, line 65
Cake\Http\Runner::__invoke() - CORE/src/Http/Runner.php, line 65
Cake\Http\Middleware\CsrfProtectionMiddleware::__invoke() - CORE/src/Http/Middleware/CsrfProtectionMiddleware.php, line 107
Cake\Http\Runner::__invoke() - CORE/src/Http/Runner.php, line 65
Cake\Http\Runner::run() - CORE/src/Http/Runner.php, line 51
Cake\Routing\Middleware\RoutingMiddleware::__invoke() - CORE/src/Routing/Middleware/RoutingMiddleware.php, line 162
Cake\Http\Runner::__invoke() - CORE/src/Http/Runner.php, line 65
Cake\Routing\Middleware\AssetMiddleware::__invoke() - CORE/src/Routing/Middleware/AssetMiddleware.php, line 88
Cake\Http\Runner::__invoke() - CORE/src/Http/Runner.php, line 65
Cake\Error\Middleware\ErrorHandlerMiddleware::__invoke() - CORE/src/Error/Middleware/ErrorHandlerMiddleware.php, line 98
Cake\Http\Runner::__invoke() - CORE/src/Http/Runner.php, line 65
DebugKit\Middleware\DebugKitMiddleware::__invoke() - ROOT/vendor/cakephp/debug_kit/src/Middleware/DebugKitMiddleware.php, line 53
Cake\Http\Runner::__invoke() - CORE/src/Http/Runner.php, line 65
Cake\Http\Runner::run() - CORE/src/Http/Runner.php, line 51
Cake\Http\Server::run() - CORE/src/Http/Server.php, line 98
[main] - ROOT/webroot/index.php, line 40



2018-11-08 00:42:26 Notice: Notice (8): Undefined variable: erros in [/var/www/html/globalsaude/src/Template/Paginas/index.ctp, line 307]
Request URL: /
Client IP: 127.0.0.1
Trace:
Cake\Error\BaseErrorHandler::handleError() - CORE/src/Error/BaseErrorHandler.php, line 159
Cake\Core\BasePlugin::{closure}() - ROOT/vendor/cakephp/debug_kit/config/bootstrap.php, line 42
include - APP/Template/Paginas/index.ctp, line 307
Cake\View\View::_evaluate() - CORE/src/View/View.php, line 1240
Cake\View\View::_render() - CORE/src/View/View.php, line 1201
Cake\View\View::render() - CORE/src/View/View.php, line 803
Cake\Controller\Controller::render() - CORE/src/Controller/Controller.php, line 790
Cake\Http\ActionDispatcher::_invoke() - CORE/src/Http/ActionDispatcher.php, line 126
Cake\Http\ActionDispatcher::dispatch() - CORE/src/Http/ActionDispatcher.php, line 94
Cake\Http\BaseApplication::__invoke() - CORE/src/Http/BaseApplication.php, line 235
Cake\Http\Runner::__invoke() - CORE/src/Http/Runner.php, line 65
Cake\Http\Runner::__invoke() - CORE/src/Http/Runner.php, line 65
Cake\Http\Middleware\CsrfProtectionMiddleware::__invoke() - CORE/src/Http/Middleware/CsrfProtectionMiddleware.php, line 107
Cake\Http\Runner::__invoke() - CORE/src/Http/Runner.php, line 65
Cake\Http\Runner::run() - CORE/src/Http/Runner.php, line 51
Cake\Routing\Middleware\RoutingMiddleware::__invoke() - CORE/src/Routing/Middleware/RoutingMiddleware.php, line 162
Cake\Http\Runner::__invoke() - CORE/src/Http/Runner.php, line 65
Cake\Routing\Middleware\AssetMiddleware::__invoke() - CORE/src/Routing/Middleware/AssetMiddleware.php, line 88
Cake\Http\Runner::__invoke() - CORE/src/Http/Runner.php, line 65
Cake\Error\Middleware\ErrorHandlerMiddleware::__invoke() - CORE/src/Error/Middleware/ErrorHandlerMiddleware.php, line 98
Cake\Http\Runner::__invoke() - CORE/src/Http/Runner.php, line 65
DebugKit\Middleware\DebugKitMiddleware::__invoke() - ROOT/vendor/cakephp/debug_kit/src/Middleware/DebugKitMiddleware.php, line 53
Cake\Http\Runner::__invoke() - CORE/src/Http/Runner.php, line 65
Cake\Http\Runner::run() - CORE/src/Http/Runner.php, line 51
Cake\Http\Server::run() - CORE/src/Http/Server.php, line 98
[main] - ROOT/webroot/index.php, line 40



2018-11-08 00:42:26 Notice: Notice (8): Undefined variable: erros in [/var/www/html/globalsaude/src/Template/Paginas/index.ctp, line 322]
Request URL: /
Client IP: 127.0.0.1
Trace:
Cake\Error\BaseErrorHandler::handleError() - CORE/src/Error/BaseErrorHandler.php, line 159
Cake\Core\BasePlugin::{closure}() - ROOT/vendor/cakephp/debug_kit/config/bootstrap.php, line 42
include - APP/Template/Paginas/index.ctp, line 322
Cake\View\View::_evaluate() - CORE/src/View/View.php, line 1240
Cake\View\View::_render() - CORE/src/View/View.php, line 1201
Cake\View\View::render() - CORE/src/View/View.php, line 803
Cake\Controller\Controller::render() - CORE/src/Controller/Controller.php, line 790
Cake\Http\ActionDispatcher::_invoke() - CORE/src/Http/ActionDispatcher.php, line 126
Cake\Http\ActionDispatcher::dispatch() - CORE/src/Http/ActionDispatcher.php, line 94
Cake\Http\BaseApplication::__invoke() - CORE/src/Http/BaseApplication.php, line 235
Cake\Http\Runner::__invoke() - CORE/src/Http/Runner.php, line 65
Cake\Http\Runner::__invoke() - CORE/src/Http/Runner.php, line 65
Cake\Http\Middleware\CsrfProtectionMiddleware::__invoke() - CORE/src/Http/Middleware/CsrfProtectionMiddleware.php, line 107
Cake\Http\Runner::__invoke() - CORE/src/Http/Runner.php, line 65
Cake\Http\Runner::run() - CORE/src/Http/Runner.php, line 51
Cake\Routing\Middleware\RoutingMiddleware::__invoke() - CORE/src/Routing/Middleware/RoutingMiddleware.php, line 162
Cake\Http\Runner::__invoke() - CORE/src/Http/Runner.php, line 65
Cake\Routing\Middleware\AssetMiddleware::__invoke() - CORE/src/Routing/Middleware/AssetMiddleware.php, line 88
Cake\Http\Runner::__invoke() - CORE/src/Http/Runner.php, line 65
Cake\Error\Middleware\ErrorHandlerMiddleware::__invoke() - CORE/src/Error/Middleware/ErrorHandlerMiddleware.php, line 98
Cake\Http\Runner::__invoke() - CORE/src/Http/Runner.php, line 65
DebugKit\Middleware\DebugKitMiddleware::__invoke() - ROOT/vendor/cakephp/debug_kit/src/Middleware/DebugKitMiddleware.php, line 53
Cake\Http\Runner::__invoke() - CORE/src/Http/Runner.php, line 65
Cake\Http\Runner::run() - CORE/src/Http/Runner.php, line 51
Cake\Http\Server::run() - CORE/src/Http/Server.php, line 98
[main] - ROOT/webroot/index.php, line 40



2018-11-08 00:42:26 Notice: Notice (8): Undefined variable: erros in [/var/www/html/globalsaude/src/Template/Paginas/index.ctp, line 334]
Request URL: /
Client IP: 127.0.0.1
Trace:
Cake\Error\BaseErrorHandler::handleError() - CORE/src/Error/BaseErrorHandler.php, line 159
Cake\Core\BasePlugin::{closure}() - ROOT/vendor/cakephp/debug_kit/config/bootstrap.php, line 42
include - APP/Template/Paginas/index.ctp, line 334
Cake\View\View::_evaluate() - CORE/src/View/View.php, line 1240
Cake\View\View::_render() - CORE/src/View/View.php, line 1201
Cake\View\View::render() - CORE/src/View/View.php, line 803
Cake\Controller\Controller::render() - CORE/src/Controller/Controller.php, line 790
Cake\Http\ActionDispatcher::_invoke() - CORE/src/Http/ActionDispatcher.php, line 126
Cake\Http\ActionDispatcher::dispatch() - CORE/src/Http/ActionDispatcher.php, line 94
Cake\Http\BaseApplication::__invoke() - CORE/src/Http/BaseApplication.php, line 235
Cake\Http\Runner::__invoke() - CORE/src/Http/Runner.php, line 65
Cake\Http\Runner::__invoke() - CORE/src/Http/Runner.php, line 65
Cake\Http\Middleware\CsrfProtectionMiddleware::__invoke() - CORE/src/Http/Middleware/CsrfProtectionMiddleware.php, line 107
Cake\Http\Runner::__invoke() - CORE/src/Http/Runner.php, line 65
Cake\Http\Runner::run() - CORE/src/Http/Runner.php, line 51
Cake\Routing\Middleware\RoutingMiddleware::__invoke() - CORE/src/Routing/Middleware/RoutingMiddleware.php, line 162
Cake\Http\Runner::__invoke() - CORE/src/Http/Runner.php, line 65
Cake\Routing\Middleware\AssetMiddleware::__invoke() - CORE/src/Routing/Middleware/AssetMiddleware.php, line 88
Cake\Http\Runner::__invoke() - CORE/src/Http/Runner.php, line 65
Cake\Error\Middleware\ErrorHandlerMiddleware::__invoke() - CORE/src/Error/Middleware/ErrorHandlerMiddleware.php, line 98
Cake\Http\Runner::__invoke() - CORE/src/Http/Runner.php, line 65
DebugKit\Middleware\DebugKitMiddleware::__invoke() - ROOT/vendor/cakephp/debug_kit/src/Middleware/DebugKitMiddleware.php, line 53
Cake\Http\Runner::__invoke() - CORE/src/Http/Runner.php, line 65
Cake\Http\Runner::run() - CORE/src/Http/Runner.php, line 51
Cake\Http\Server::run() - CORE/src/Http/Server.php, line 98
[main] - ROOT/webroot/index.php, line 40



2018-11-08 00:42:26 Notice: Notice (8): Undefined variable: erros in [/var/www/html/globalsaude/src/Template/Paginas/index.ctp, line 355]
Request URL: /
Client IP: 127.0.0.1
Trace:
Cake\Error\BaseErrorHandler::handleError() - CORE/src/Error/BaseErrorHandler.php, line 159
Cake\Core\BasePlugin::{closure}() - ROOT/vendor/cakephp/debug_kit/config/bootstrap.php, line 42
include - APP/Template/Paginas/index.ctp, line 355
Cake\View\View::_evaluate() - CORE/src/View/View.php, line 1240
Cake\View\View::_render() - CORE/src/View/View.php, line 1201
Cake\View\View::render() - CORE/src/View/View.php, line 803
Cake\Controller\Controller::render() - CORE/src/Controller/Controller.php, line 790
Cake\Http\ActionDispatcher::_invoke() - CORE/src/Http/ActionDispatcher.php, line 126
Cake\Http\ActionDispatcher::dispatch() - CORE/src/Http/ActionDispatcher.php, line 94
Cake\Http\BaseApplication::__invoke() - CORE/src/Http/BaseApplication.php, line 235
Cake\Http\Runner::__invoke() - CORE/src/Http/Runner.php, line 65
Cake\Http\Runner::__invoke() - CORE/src/Http/Runner.php, line 65
Cake\Http\Middleware\CsrfProtectionMiddleware::__invoke() - CORE/src/Http/Middleware/CsrfProtectionMiddleware.php, line 107
Cake\Http\Runner::__invoke() - CORE/src/Http/Runner.php, line 65
Cake\Http\Runner::run() - CORE/src/Http/Runner.php, line 51
Cake\Routing\Middleware\RoutingMiddleware::__invoke() - CORE/src/Routing/Middleware/RoutingMiddleware.php, line 162
Cake\Http\Runner::__invoke() - CORE/src/Http/Runner.php, line 65
Cake\Routing\Middleware\AssetMiddleware::__invoke() - CORE/src/Routing/Middleware/AssetMiddleware.php, line 88
Cake\Http\Runner::__invoke() - CORE/src/Http/Runner.php, line 65
Cake\Error\Middleware\ErrorHandlerMiddleware::__invoke() - CORE/src/Error/Middleware/ErrorHandlerMiddleware.php, line 98
Cake\Http\Runner::__invoke() - CORE/src/Http/Runner.php, line 65
DebugKit\Middleware\DebugKitMiddleware::__invoke() - ROOT/vendor/cakephp/debug_kit/src/Middleware/DebugKitMiddleware.php, line 53
Cake\Http\Runner::__invoke() - CORE/src/Http/Runner.php, line 65
Cake\Http\Runner::run() - CORE/src/Http/Runner.php, line 51
Cake\Http\Server::run() - CORE/src/Http/Server.php, line 98
[main] - ROOT/webroot/index.php, line 40



2018-11-08 02:28:54 Notice: Notice (1024): Undefined property: PaginasController::$Cotacoes in /var/www/html/globalsaude/src/Controller/PaginasController.php on line 43 in [/var/www/html/globalsaude/vendor/cakephp/cakephp/src/Controller/Controller.php, line 387]
Request URL: /paginas/lista
Client IP: 127.0.0.1
Trace:
Cake\Error\BaseErrorHandler::handleError() - CORE/src/Error/BaseErrorHandler.php, line 159
Cake\Core\BasePlugin::{closure}() - ROOT/vendor/cakephp/debug_kit/config/bootstrap.php, line 42
Cake\Controller\Controller::__get() - CORE/src/Controller/Controller.php, line 387
App\Controller\PaginasController::lista() - APP/Controller/PaginasController.php, line 43
Cake\Controller\Controller::invokeAction() - CORE/src/Controller/Controller.php, line 609
Cake\Http\ActionDispatcher::_invoke() - CORE/src/Http/ActionDispatcher.php, line 120
Cake\Http\ActionDispatcher::dispatch() - CORE/src/Http/ActionDispatcher.php, line 94
Cake\Http\BaseApplication::__invoke() - CORE/src/Http/BaseApplication.php, line 235
Cake\Http\Runner::__invoke() - CORE/src/Http/Runner.php, line 65
Cake\Http\Runner::__invoke() - CORE/src/Http/Runner.php, line 65
Cake\Http\Middleware\CsrfProtectionMiddleware::__invoke() - CORE/src/Http/Middleware/CsrfProtectionMiddleware.php, line 107
Cake\Http\Runner::__invoke() - CORE/src/Http/Runner.php, line 65
Cake\Http\Runner::run() - CORE/src/Http/Runner.php, line 51
Cake\Routing\Middleware\RoutingMiddleware::__invoke() - CORE/src/Routing/Middleware/RoutingMiddleware.php, line 162
Cake\Http\Runner::__invoke() - CORE/src/Http/Runner.php, line 65
Cake\Routing\Middleware\AssetMiddleware::__invoke() - CORE/src/Routing/Middleware/AssetMiddleware.php, line 88
Cake\Http\Runner::__invoke() - CORE/src/Http/Runner.php, line 65
Cake\Error\Middleware\ErrorHandlerMiddleware::__invoke() - CORE/src/Error/Middleware/ErrorHandlerMiddleware.php, line 98
Cake\Http\Runner::__invoke() - CORE/src/Http/Runner.php, line 65
DebugKit\Middleware\DebugKitMiddleware::__invoke() - ROOT/vendor/cakephp/debug_kit/src/Middleware/DebugKitMiddleware.php, line 53
Cake\Http\Runner::__invoke() - CORE/src/Http/Runner.php, line 65
Cake\Http\Runner::run() - CORE/src/Http/Runner.php, line 51
Cake\Http\Server::run() - CORE/src/Http/Server.php, line 98
[main] - ROOT/webroot/index.php, line 40



2018-11-10 18:06:28 Notice: Notice (1024): Undefined property: PaginasController::$PaginasFuncoes in /var/www/html/globalsaude/src/Controller/PaginasController.php on line 69 in [/var/www/html/globalsaude/vendor/cakephp/cakephp/src/Controller/Controller.php, line 387]
Request URL: /paginas/index
Referer URL: http://localhost:8080/globalsaude/
Client IP: 127.0.0.1
Trace:
Cake\Error\BaseErrorHandler::handleError() - CORE/src/Error/BaseErrorHandler.php, line 159
Cake\Core\BasePlugin::{closure}() - ROOT/vendor/cakephp/debug_kit/config/bootstrap.php, line 42
Cake\Controller\Controller::__get() - CORE/src/Controller/Controller.php, line 387
App\Controller\PaginasController::index() - APP/Controller/PaginasController.php, line 69
Cake\Controller\Controller::invokeAction() - CORE/src/Controller/Controller.php, line 609
Cake\Http\ActionDispatcher::_invoke() - CORE/src/Http/ActionDispatcher.php, line 120
Cake\Http\ActionDispatcher::dispatch() - CORE/src/Http/ActionDispatcher.php, line 94
Cake\Http\BaseApplication::__invoke() - CORE/src/Http/BaseApplication.php, line 235
Cake\Http\Runner::__invoke() - CORE/src/Http/Runner.php, line 65
Cake\Http\Runner::__invoke() - CORE/src/Http/Runner.php, line 65
Cake\Http\Middleware\CsrfProtectionMiddleware::__invoke() - CORE/src/Http/Middleware/CsrfProtectionMiddleware.php, line 107
Cake\Http\Runner::__invoke() - CORE/src/Http/Runner.php, line 65
Cake\Http\Runner::run() - CORE/src/Http/Runner.php, line 51
Cake\Routing\Middleware\RoutingMiddleware::__invoke() - CORE/src/Routing/Middleware/RoutingMiddleware.php, line 162
Cake\Http\Runner::__invoke() - CORE/src/Http/Runner.php, line 65
Cake\Routing\Middleware\AssetMiddleware::__invoke() - CORE/src/Routing/Middleware/AssetMiddleware.php, line 88
Cake\Http\Runner::__invoke() - CORE/src/Http/Runner.php, line 65
Cake\Error\Middleware\ErrorHandlerMiddleware::__invoke() - CORE/src/Error/Middleware/ErrorHandlerMiddleware.php, line 98
Cake\Http\Runner::__invoke() - CORE/src/Http/Runner.php, line 65
DebugKit\Middleware\DebugKitMiddleware::__invoke() - ROOT/vendor/cakephp/debug_kit/src/Middleware/DebugKitMiddleware.php, line 53
Cake\Http\Runner::__invoke() - CORE/src/Http/Runner.php, line 65
Cake\Http\Runner::run() - CORE/src/Http/Runner.php, line 51
Cake\Http\Server::run() - CORE/src/Http/Server.php, line 98
[main] - ROOT/webroot/index.php, line 40



2018-11-10 18:07:50 Notice: Notice (1024): Undefined property: PaginasController::$PaginasFuncoes in /var/www/html/globalsaude/src/Controller/PaginasController.php on line 69 in [/var/www/html/globalsaude/vendor/cakephp/cakephp/src/Controller/Controller.php, line 387]
Request URL: /paginas/index
Referer URL: http://localhost:8080/globalsaude/
Client IP: 127.0.0.1
Trace:
Cake\Error\BaseErrorHandler::handleError() - CORE/src/Error/BaseErrorHandler.php, line 159
Cake\Core\BasePlugin::{closure}() - ROOT/vendor/cakephp/debug_kit/config/bootstrap.php, line 42
Cake\Controller\Controller::__get() - CORE/src/Controller/Controller.php, line 387
App\Controller\PaginasController::index() - APP/Controller/PaginasController.php, line 69
Cake\Controller\Controller::invokeAction() - CORE/src/Controller/Controller.php, line 609
Cake\Http\ActionDispatcher::_invoke() - CORE/src/Http/ActionDispatcher.php, line 120
Cake\Http\ActionDispatcher::dispatch() - CORE/src/Http/ActionDispatcher.php, line 94
Cake\Http\BaseApplication::__invoke() - CORE/src/Http/BaseApplication.php, line 235
Cake\Http\Runner::__invoke() - CORE/src/Http/Runner.php, line 65
Cake\Http\Runner::__invoke() - CORE/src/Http/Runner.php, line 65
Cake\Http\Middleware\CsrfProtectionMiddleware::__invoke() - CORE/src/Http/Middleware/CsrfProtectionMiddleware.php, line 107
Cake\Http\Runner::__invoke() - CORE/src/Http/Runner.php, line 65
Cake\Http\Runner::run() - CORE/src/Http/Runner.php, line 51
Cake\Routing\Middleware\RoutingMiddleware::__invoke() - CORE/src/Routing/Middleware/RoutingMiddleware.php, line 162
Cake\Http\Runner::__invoke() - CORE/src/Http/Runner.php, line 65
Cake\Routing\Middleware\AssetMiddleware::__invoke() - CORE/src/Routing/Middleware/AssetMiddleware.php, line 88
Cake\Http\Runner::__invoke() - CORE/src/Http/Runner.php, line 65
Cake\Error\Middleware\ErrorHandlerMiddleware::__invoke() - CORE/src/Error/Middleware/ErrorHandlerMiddleware.php, line 98
Cake\Http\Runner::__invoke() - CORE/src/Http/Runner.php, line 65
DebugKit\Middleware\DebugKitMiddleware::__invoke() - ROOT/vendor/cakephp/debug_kit/src/Middleware/DebugKitMiddleware.php, line 53
Cake\Http\Runner::__invoke() - CORE/src/Http/Runner.php, line 65
Cake\Http\Runner::run() - CORE/src/Http/Runner.php, line 51
Cake\Http\Server::run() - CORE/src/Http/Server.php, line 98
[main] - ROOT/webroot/index.php, line 40



2018-11-10 18:10:45 Notice: Notice (1024): Undefined property: PaginasController::$PaginasFuncoes in /var/www/html/globalsaude/src/Controller/PaginasController.php on line 69 in [/var/www/html/globalsaude/vendor/cakephp/cakephp/src/Controller/Controller.php, line 387]
Request URL: /paginas/index
Referer URL: http://localhost:8080/globalsaude/
Client IP: 127.0.0.1
Trace:
Cake\Error\BaseErrorHandler::handleError() - CORE/src/Error/BaseErrorHandler.php, line 159
Cake\Core\BasePlugin::{closure}() - ROOT/vendor/cakephp/debug_kit/config/bootstrap.php, line 42
Cake\Controller\Controller::__get() - CORE/src/Controller/Controller.php, line 387
App\Controller\PaginasController::index() - APP/Controller/PaginasController.php, line 69
Cake\Controller\Controller::invokeAction() - CORE/src/Controller/Controller.php, line 609
Cake\Http\ActionDispatcher::_invoke() - CORE/src/Http/ActionDispatcher.php, line 120
Cake\Http\ActionDispatcher::dispatch() - CORE/src/Http/ActionDispatcher.php, line 94
Cake\Http\BaseApplication::__invoke() - CORE/src/Http/BaseApplication.php, line 235
Cake\Http\Runner::__invoke() - CORE/src/Http/Runner.php, line 65
Cake\Http\Runner::__invoke() - CORE/src/Http/Runner.php, line 65
Cake\Http\Middleware\CsrfProtectionMiddleware::__invoke() - CORE/src/Http/Middleware/CsrfProtectionMiddleware.php, line 107
Cake\Http\Runner::__invoke() - CORE/src/Http/Runner.php, line 65
Cake\Http\Runner::run() - CORE/src/Http/Runner.php, line 51
Cake\Routing\Middleware\RoutingMiddleware::__invoke() - CORE/src/Routing/Middleware/RoutingMiddleware.php, line 162
Cake\Http\Runner::__invoke() - CORE/src/Http/Runner.php, line 65
Cake\Routing\Middleware\AssetMiddleware::__invoke() - CORE/src/Routing/Middleware/AssetMiddleware.php, line 88
Cake\Http\Runner::__invoke() - CORE/src/Http/Runner.php, line 65
Cake\Error\Middleware\ErrorHandlerMiddleware::__invoke() - CORE/src/Error/Middleware/ErrorHandlerMiddleware.php, line 98
Cake\Http\Runner::__invoke() - CORE/src/Http/Runner.php, line 65
DebugKit\Middleware\DebugKitMiddleware::__invoke() - ROOT/vendor/cakephp/debug_kit/src/Middleware/DebugKitMiddleware.php, line 53
Cake\Http\Runner::__invoke() - CORE/src/Http/Runner.php, line 65
Cake\Http\Runner::run() - CORE/src/Http/Runner.php, line 51
Cake\Http\Server::run() - CORE/src/Http/Server.php, line 98
[main] - ROOT/webroot/index.php, line 40



2018-11-10 18:35:54 Notice: Notice (8): Use of undefined constant teste - assumed 'teste' in [/var/www/html/globalsaude/src/Model/Table/CotacoesTable.php, line 91]
Request URL: /paginas/index
Referer URL: http://localhost:8080/globalsaude/
Client IP: 127.0.0.1
Trace:
Cake\Error\BaseErrorHandler::handleError() - CORE/src/Error/BaseErrorHandler.php, line 159
Cake\Core\BasePlugin::{closure}() - ROOT/vendor/cakephp/debug_kit/config/bootstrap.php, line 42
App\Model\Table\CotacoesTable::validationDefault() - APP/Model/Table/CotacoesTable.php, line 91
Cake\ORM\Table::createValidator() - CORE/src/Validation/ValidatorAwareTrait.php, line 178
Cake\ORM\Table::getValidator() - CORE/src/Validation/ValidatorAwareTrait.php, line 151
Cake\ORM\Marshaller::_validate() - CORE/src/ORM/Marshaller.php, line 247
Cake\ORM\Marshaller::merge() - CORE/src/ORM/Marshaller.php, line 570
Cake\ORM\Table::patchEntity() - CORE/src/ORM/Table.php, line 2705
App\Controller\PaginasController::index() - APP/Controller/PaginasController.php, line 76
Cake\Controller\Controller::invokeAction() - CORE/src/Controller/Controller.php, line 609
Cake\Http\ActionDispatcher::_invoke() - CORE/src/Http/ActionDispatcher.php, line 120
Cake\Http\ActionDispatcher::dispatch() - CORE/src/Http/ActionDispatcher.php, line 94
Cake\Http\BaseApplication::__invoke() - CORE/src/Http/BaseApplication.php, line 235
Cake\Http\Runner::__invoke() - CORE/src/Http/Runner.php, line 65
Cake\Http\Runner::__invoke() - CORE/src/Http/Runner.php, line 65
Cake\Http\Middleware\CsrfProtectionMiddleware::__invoke() - CORE/src/Http/Middleware/CsrfProtectionMiddleware.php, line 107
Cake\Http\Runner::__invoke() - CORE/src/Http/Runner.php, line 65
Cake\Http\Runner::run() - CORE/src/Http/Runner.php, line 51
Cake\Routing\Middleware\RoutingMiddleware::__invoke() - CORE/src/Routing/Middleware/RoutingMiddleware.php, line 162
Cake\Http\Runner::__invoke() - CORE/src/Http/Runner.php, line 65
Cake\Routing\Middleware\AssetMiddleware::__invoke() - CORE/src/Routing/Middleware/AssetMiddleware.php, line 88
Cake\Http\Runner::__invoke() - CORE/src/Http/Runner.php, line 65
Cake\Error\Middleware\ErrorHandlerMiddleware::__invoke() - CORE/src/Error/Middleware/ErrorHandlerMiddleware.php, line 98
Cake\Http\Runner::__invoke() - CORE/src/Http/Runner.php, line 65
DebugKit\Middleware\DebugKitMiddleware::__invoke() - ROOT/vendor/cakephp/debug_kit/src/Middleware/DebugKitMiddleware.php, line 53
Cake\Http\Runner::__invoke() - CORE/src/Http/Runner.php, line 65
Cake\Http\Runner::run() - CORE/src/Http/Runner.php, line 51
Cake\Http\Server::run() - CORE/src/Http/Server.php, line 98
[main] - ROOT/webroot/index.php, line 40



2018-11-11 01:22:32 Notice: Notice (8): Undefined variable: css in [/var/www/html/globalsaude/src/Template/Paginas/index.ctp, line 286]
Request URL: /paginas/index
Referer URL: http://localhost:8080/globalsaude/
Client IP: 127.0.0.1
Trace:
Cake\Error\BaseErrorHandler::handleError() - CORE/src/Error/BaseErrorHandler.php, line 159
Cake\Core\BasePlugin::{closure}() - ROOT/vendor/cakephp/debug_kit/config/bootstrap.php, line 42
include - APP/Template/Paginas/index.ctp, line 286
Cake\View\View::_evaluate() - CORE/src/View/View.php, line 1240
Cake\View\View::_render() - CORE/src/View/View.php, line 1201
Cake\View\View::render() - CORE/src/View/View.php, line 803
Cake\Controller\Controller::render() - CORE/src/Controller/Controller.php, line 790
Cake\Http\ActionDispatcher::_invoke() - CORE/src/Http/ActionDispatcher.php, line 126
Cake\Http\ActionDispatcher::dispatch() - CORE/src/Http/ActionDispatcher.php, line 94
Cake\Http\BaseApplication::__invoke() - CORE/src/Http/BaseApplication.php, line 235
Cake\Http\Runner::__invoke() - CORE/src/Http/Runner.php, line 65
Cake\Http\Runner::__invoke() - CORE/src/Http/Runner.php, line 65
Cake\Http\Middleware\CsrfProtectionMiddleware::__invoke() - CORE/src/Http/Middleware/CsrfProtectionMiddleware.php, line 107
Cake\Http\Runner::__invoke() - CORE/src/Http/Runner.php, line 65
Cake\Http\Runner::run() - CORE/src/Http/Runner.php, line 51
Cake\Routing\Middleware\RoutingMiddleware::__invoke() - CORE/src/Routing/Middleware/RoutingMiddleware.php, line 162
Cake\Http\Runner::__invoke() - CORE/src/Http/Runner.php, line 65
Cake\Routing\Middleware\AssetMiddleware::__invoke() - CORE/src/Routing/Middleware/AssetMiddleware.php, line 88
Cake\Http\Runner::__invoke() - CORE/src/Http/Runner.php, line 65
Cake\Error\Middleware\ErrorHandlerMiddleware::__invoke() - CORE/src/Error/Middleware/ErrorHandlerMiddleware.php, line 98
Cake\Http\Runner::__invoke() - CORE/src/Http/Runner.php, line 65
DebugKit\Middleware\DebugKitMiddleware::__invoke() - ROOT/vendor/cakephp/debug_kit/src/Middleware/DebugKitMiddleware.php, line 53
Cake\Http\Runner::__invoke() - CORE/src/Http/Runner.php, line 65
Cake\Http\Runner::run() - CORE/src/Http/Runner.php, line 51
Cake\Http\Server::run() - CORE/src/Http/Server.php, line 98
[main] - ROOT/webroot/index.php, line 40



2018-11-11 01:24:55 Notice: Notice (8): Undefined variable: css in [/var/www/html/globalsaude/src/Template/Paginas/index.ctp, line 285]
Request URL: /paginas/index
Referer URL: http://localhost:8080/globalsaude/
Client IP: 127.0.0.1
Trace:
Cake\Error\BaseErrorHandler::handleError() - CORE/src/Error/BaseErrorHandler.php, line 159
Cake\Core\BasePlugin::{closure}() - ROOT/vendor/cakephp/debug_kit/config/bootstrap.php, line 42
include - APP/Template/Paginas/index.ctp, line 285
Cake\View\View::_evaluate() - CORE/src/View/View.php, line 1240
Cake\View\View::_render() - CORE/src/View/View.php, line 1201
Cake\View\View::render() - CORE/src/View/View.php, line 803
Cake\Controller\Controller::render() - CORE/src/Controller/Controller.php, line 790
Cake\Http\ActionDispatcher::_invoke() - CORE/src/Http/ActionDispatcher.php, line 126
Cake\Http\ActionDispatcher::dispatch() - CORE/src/Http/ActionDispatcher.php, line 94
Cake\Http\BaseApplication::__invoke() - CORE/src/Http/BaseApplication.php, line 235
Cake\Http\Runner::__invoke() - CORE/src/Http/Runner.php, line 65
Cake\Http\Runner::__invoke() - CORE/src/Http/Runner.php, line 65
Cake\Http\Middleware\CsrfProtectionMiddleware::__invoke() - CORE/src/Http/Middleware/CsrfProtectionMiddleware.php, line 107
Cake\Http\Runner::__invoke() - CORE/src/Http/Runner.php, line 65
Cake\Http\Runner::run() - CORE/src/Http/Runner.php, line 51
Cake\Routing\Middleware\RoutingMiddleware::__invoke() - CORE/src/Routing/Middleware/RoutingMiddleware.php, line 162
Cake\Http\Runner::__invoke() - CORE/src/Http/Runner.php, line 65
Cake\Routing\Middleware\AssetMiddleware::__invoke() - CORE/src/Routing/Middleware/AssetMiddleware.php, line 88
Cake\Http\Runner::__invoke() - CORE/src/Http/Runner.php, line 65
Cake\Error\Middleware\ErrorHandlerMiddleware::__invoke() - CORE/src/Error/Middleware/ErrorHandlerMiddleware.php, line 98
Cake\Http\Runner::__invoke() - CORE/src/Http/Runner.php, line 65
DebugKit\Middleware\DebugKitMiddleware::__invoke() - ROOT/vendor/cakephp/debug_kit/src/Middleware/DebugKitMiddleware.php, line 53
Cake\Http\Runner::__invoke() - CORE/src/Http/Runner.php, line 65
Cake\Http\Runner::run() - CORE/src/Http/Runner.php, line 51
Cake\Http\Server::run() - CORE/src/Http/Server.php, line 98
[main] - ROOT/webroot/index.php, line 40



